1 1 1 1 1 100 1 1 12 10 1 1 12 11 1 16 12 10 15 1 16 1 1 12 18 1 100 1 12 10 10 1 12 10 1 12 10 12 9 1 100 1 1 1 1 100 1 12 10 12 9 1 1 1 1 12 9 1 7 1 1 12 10 1 100 1 12 10 15 1 16 1 12 18 1 1 12 11 1 7 1 100 1 12 9 10 15 1 16 18 1 12 9 10 15 1 16 18 1 12 9 1 100 10 15 1 16 18 1 12 9 1 100 10 15 1 16 18 1 12 9 10 15 16 18 1 7 10 1 12 9 1 100 1 12 10 1 12 10 15 16 18 1 12 9 12 9 1 12 10 12 9 12 9 1 7 10 1 1 100 1 12 10 1 12 10 1 12 10 12 9 12 9 10 1 12 10 1 100 12 9 1 12 10 1 12 10 12 10 12 10 15 1 16 1 12 18 10 1 1 7 12 9 1 7 10 12 9 11 12 9 1 8 18 1 12 10 12 9 12 10 1 12 10 15 1 12 18 1 12 11 1 100 1 100 10 1 100 1 100 1 12 9 1 12 10 1 12 10 10 1 12 10 1 12 9 11 12 9 12 9 12 9 12 9 10 12 9 1 100 1 1 12 10 12 9 11 12 11 1 1 12 10 15 1 12 18 1 100 1 12 10 15 18 1 1 100 10 1 100 1 12 10 10 1 100 1 12 10 1 100 1 12 10 1 100 1 12 10 10 10 10 1 7 12 10 10 10 1 7 10 12 9 1 7 10 12 9 10 12 9 12 10 12 9 12 9 1 7 10 8 12 9 8 12 9 8 12 9 8 12 9 8 12 9 8 12 9 8 12 9 8 12 9 8 1 8 12 9 1 8 12 9 1 8 12 9 1 8 12 9 1 8 12 9 1 8 12 9 1 8 12 9 1 8 8 1 8 1 8 1 8 1 8 1 8 1 8 1 8 1 8 1 8 1 8 1 8 1 8 1 8 1 8 1 8 12 9 1 8 1 8 12 9 1 8 12 9 1 8 12 9 8 12 9 1 8 1 8 1 8 1 8 1 8 1 8 1 8 1 8 8 12 9 1 8 12 9 1 8 12 9 1 8 12 9 1 8 12 9 1 8 12 9 8 12 9 1 8 12 9 1 8 12 9 1 8 12 9 1 8 12 9 1 8 12 9 1 8 12 9 1 8 12 9 1 8 12 9 1 8 12 9 1 8 12 9 1 8 12 9 1 8 12 9 8 1 8 12 9 8 12 9 1 8 12 9 1 8 12 9 1 8 12 9 8 12 9 8 12 9 8 12 9 8 12 9 1 8 12 9 1 8 12 9 8 12 9 1 8 12 9 1 8 12 9 1 8 12 9 1 8 12 9 1 8 12 9 1 8 12 9 1 8 12 9 1 8 12 9 1 8 12 9 1 8 12 9 1 8 12 9 1 8 12 9 1 8 12 9 1 8 12 9 1 8 12 9 1 8 1 8 12 9 1 8 1 8 12 9 1 8 8 12 9 1 8 1 8 12 9 1 8 1 8 1 8 12 9 1 8 12 9 1 8 12 9 1 8 1 8 12 9 1 8 1 8 1 8 12 9 1 8 12 9 1 8 12 9 1 8 12 9 1 8 1 8 1 8 1 8 1 8 1 8 1 8 1 8 1 8 1 8 1 8 1 8 1 8 1 8 1 8 1 8 1 8 1 8 1 8 1 8 1 8 1 8 1 8 1 8 1 8 1 8 1 8 1 8 1 8 1 8 12 9 8 12 9 8 8 1 8 1 8 1 8 1 8 8 1 8 1 8 1 8 1 8 1 8 1 8 1 8 1 8 1 8 12 9 1 8 8 1 8 1 8 12 9 1 8 1 8 1 8 1 8 1 8 1 8 1 8 1 8 12 9 1 8 1 8 1 8 1 8 12 9 1 8 12 9 1 8 12 9 1 8 12 9 8 1 8 8 12 9 1 8 1 8 12 9 1 8 1 8 12 9 1 8 12 9 1 8 12 9 1 8 12 9 1 8 12 9 1 8 12 9 1 8 12 9 1 8 12 9 1 8 12 9 8 12 9 1 8 12 9 1 8 12 9 1 8 12 9 1 8 12 9 1 8 12 9 1 8 12 9 1 8 12 9 1 8 12 9 12 9 12 9 12 9 12 9 12 9 12 9 12 9 12 9 12 9 12 9 12 9 12 9 12 9 12 9 12 9 12 9 12 9 12 9 12 9 12 10 12 9 12 9 12 9 12 9 12 9 12 9 12 9 12 9 12 9 12 9 12 9 12 9 12 9 12 9 12 9 12 9 12 9 12 9 12 9 12 9 12 9 12 9 12 9 12 9 1 7 1 7 12 10 1 7 1 12 10 12 9 12 9 12 9 12 9 12 9 12 9 12 9 12 9 12 9 12 9 12 9 12 9 1 8 12 10 12 9 1 8 12 9 12 9 1 8 12 9 12 9 12 9 12 9 12 9 12 9 12 9 12 9 12 9 12 9 12 9 1 8 12 9 12 9 12 9 12 9 12 9 12 9 12 9 12 9 12 9 12 9 12 9 12 9 12 9 12 9 12 9 12 9 1 12 10 12 9 12 10 12 9 1 8 12 9 1 8 12 9 1 8 12 9 1 8 12 9 12 9 12 9 12 9 12 9 12 9 12 9 12 9 12 9 12 9 12 9 1 8 12 9 12 9 12 9 12 9 1 8 12 10 12 9 1 8 12 9 1 8 12 9 1 8 12 9 12 9 1 8 12 9 12 9 12 9 1 8 12 9 1 8 12 9 12 9 12 9 12 9 1 8 12 9 1 8 12 9 1 8 12 9 1 8 12 9 12 9 1 8 12 9 1 8 12 9 1 8 12 9 1 8 12 9 1 8 1 8 12 9 1 8 12 9 1 8 12 9 1 8 12 9 1 8 12 9 1 8 1 8 12 9 1 8 12 9 1 8 12 9 1 8 12 9 1 8 12 9 1 8 12 9 1 8 12 9 1 8 12 9 1 8 12 9 1 8 12 9 1 8 12 9 1 8 12 9 1 8 12 9 12 9 12 9 1 12 10 12 9 12 9 1 12 10 10 10 10 10 10 10 10 12 9 10 12 9 10 12 9 10 12 9 10 10 12 9 10 12 9 10 10 12 9 10 12 9 10 12 9 10 12 9 10 12 9 8 12 10 10 12 9 10 12 9 10 12 9 10 12 9 1 8 10 12 9 10 12 9 10 12 9 10 12 9 10 12 9 10 12 9 10 10 12 9 10 10 10 10 12 9 10 12 9 10 12 9 10 12 9 10 12 9 10 12 9 10 10 10 10 12 9 10 12 9 10 10 12 9 10 12 9 10 12 9 10 12 9 10 10 12 9 10 12 9 1 12 10 12 9 1 8 12 9 12 9 1 8 12 9 1 8 12 9 12 9 1 8 12 9 1 8 12 9 1 8 12 9 1 8 12 9 1 8 12 9 1 8 12 9 1 8 12 9 1 8 12 9 1 8 12 9 1 8 12 9 1 8 12 9 1 8 12 9 1 8 12 9 1 8 12 9 1 8 12 9 1 8 12 9 1 8 12 9 1 8 12 9 1 8 12 9 1 8 12 9 1 8 12 9 1 8 1 8 12 9 1 8 1 8 12 9 12 9 12 9 1 8 12 9 1 8 12 9 12 9 12 9 1 8 12 9 1 8 12 9 1 8 12 9 1 8 12 9 1 8 12 9 1 8 12 9 1 8 12 9 1 8 12 9 1 8 12 9 1 8 12 9 1 8 12 9 1 8 12 9 10 12 9 10 12 9 10 12 9 10 12 9 1 7 10 12 9 1 7 10 1 12 10 1 12 10 12 9 11 10 1 1 12 10 1 12 10 1 8 12 9 8 12 9 12 9 12 9 12 9 12 9 1 12 10 1 7 11 12 10 12 9 1 7 1 12 10 12 9 1 7 1 12 10 1 12 10 12 9 12 9 9 12 9 12 9 12 9 12 9 12 9 1 100 1 12 10 12 10 12 9 12 9 10 12 9 1 12 10 12 9 1 7 10 12 9 1 1 100 12 10 1 12 10 12 9 1 100 1 12 10 1 100 12 10 1 8 1 8 12 9 1 7 1 12 10 1 7 1 12 9 1 7 1 12 10 1 12 10 1 100 1 100 1 12 10 1 100 12 10 1 8 1 8 1 12 10 1 8 1 8 1 8 1 8 1 8 1 8 1 8 1 8 1 8 1 8 1 8 1 8 1 8 1 8 1 8 1 8 1 8 1 100 1 12 10 1 7 12 10 15 16 1 12 18 1 1 100 1 12 10 8 10 1 12 10 8 3 1 1 12 10 3 3 8 8 8 8 8 8 8 8 8 8 3 8 8 8 1 1 1 1 1 1 1 1 1
staticfield com/android/tools/r8/graph/u1 E6 Lcom/android/tools/r8/graph/N2; com/android/tools/r8/graph/N2
staticfield com/android/tools/r8/graph/u1 F6 Lcom/android/tools/r8/graph/M2; com/android/tools/r8/graph/M2
staticfield com/android/tools/r8/graph/u1 G6 Ljava/util/IdentityHashMap; java/util/IdentityHashMap
staticfield com/android/tools/r8/graph/u1 H6 Lcom/android/tools/r8/internal/HB; com/android/tools/r8/internal/ee0
staticfield com/android/tools/r8/graph/u1 I6 Lcom/android/tools/r8/internal/HB; com/android/tools/r8/internal/ee0
staticfield com/android/tools/r8/graph/u1 J6 Lcom/android/tools/r8/internal/HB; com/android/tools/r8/internal/ee0
staticfield com/android/tools/r8/graph/u1 K6 Z 1
ciInstanceKlass com/android/tools/r8/graph/M2 1 1 331 1 7 1 1 7 1 100 1 100 1 1 100 1 1 1 1 1 1 1 1 1 1 12 9 1 1 12 10 1 7 1 1 12 10 1 12 9 100 1 1 12 10 1 1 12 10 1 1 1 12 10 1 12 10 1 1 12 10 1 1 12 10 1 1 1 1 100 1 1 12 10 1 12 10 12 10 1 12 10 1 1 12 10 12 9 1 100 1 12 10 1 1 1 1 1 1 12 10 12 10 1 12 10 12 10 1 1 1 100 10 1 1 12 10 1 1 12 10 1 12 10 1 1 100 1 12 9 1 100 1 12 11 1 1 100 1 12 10 1 1 7 1 12 10 1 1 1 1 12 10 12 10 1 100 1 8 1 12 10 1 1 100 1 12 10 1 100 1 12 10 1 12 10 1 1 12 10 1 1 1 100 1 1 12 9 1 12 10 1 1 100 10 1 1 12 10 1 8 1 8 1 100 1 1 12 10 1 8 10 12 10 1 12 10 1 1 12 10 1 1 8 12 10 1 100 1 100 12 10 1 12 9 1 100 1 1 12 10 1 100 1 1 12 10 1 12 10 1 1 1 12 10 1 1 12 10 1 1 1 1 1 1 10 1 1 12 10 1 1 7 1 12 9 1 7 1 12 11 1 12 10 1 7 1 12 10 1 7 1 12 10 1 1 7 1 12 10 12 9 1 8 1 100 1 1 12 10 15 12 18 12 10 1 8 1 12 18 1 8 1 12 18 1 1 1 1 1 1 1 1
staticfield com/android/tools/r8/graph/M2 g [Lcom/android/tools/r8/graph/M2; 0 [Lcom/android/tools/r8/graph/M2;
staticfield com/android/tools/r8/graph/M2 h Z 1
instanceKlass com/android/tools/r8/graph/l1
instanceKlass com/android/tools/r8/graph/B2
ciInstanceKlass com/android/tools/r8/graph/w2 1 1 154 1 7 1 1 7 1 100 1 1 1 1 1 1 1 1 1 1 12 10 12 9 1 100 10 1 100 1 100 12 9 12 9 1 1 1 12 10 1 1 7 1 1 12 10 1 1 1 1 1 1 1 1 1 1 1 1 1 1 1 1 12 10 1 16 12 10 15 1 16 3 1 100 1 1 12 10 15 1 1 12 18 1 100 1 12 10 1 12 10 1 100 1 12 10 1 100 1 1 12 11 1 1 1 12 10 1 1 1 100 1 1 12 10 8 1 100 1 1 12 10 1 12 10 8 3 1 1 12 10 1 100 1 1 1 1 1 1 1 1 1 100 1 8 1 1 12 10 1 1 1 8 1 1
staticfield com/android/tools/r8/graph/w2 h Z 1
ciInstanceKlass com/android/tools/r8/graph/B2 1 1 459 1 7 1 1 7 1 1 1 1 1 1 100 1 1 12 10 1 1 12 10 1 100 1 1 12 10 1 1 12 10 1 8 1 1 12 9 1 8 1 1 12 9 1 12 10 1 8 1 1 12 10 1 8 12 9 1 100 1 12 9 1 100 1 1 12 9 1 8 1 12 10 1 1 1 1 1 1 100 1 1 12 10 1 1 12 10 1 100 1 12 11 1 12 10 1 12 10 1 1 1 16 12 10 15 3 1 100 1 1 12 10 15 12 18 1 1 7 1 1 12 10 12 10 1 100 1 100 1 12 10 1 100 11 1 1 100 1 12 10 1 1 1 12 10 1 1 100 12 10 1 1 1 1 1 1 1 12 9 1 1 100 1 1 12 11 1 1 1 100 1 1 12 11 1 1 1 12 10 1 100 1 12 9 1 100 1 12 9 1 100 1 12 10 10 1 12 10 1 100 1 100 10 1 1 1 100 10 100 1 12 10 1 100 1 1 12 10 1 1 12 10 1 8 1 100 1 12 10 1 100 1 1 12 10 1 7 10 1 1 12 10 1 12 10 1 1 12 10 12 10 1 100 12 11 12 10 1 12 11 10 1 100 1 1 12 10 1 100 1 12 10 1 12 11 1 1 100 1 1 12 9 1 12 10 1 1 1 1 100 1 1 12 10 1 100 1 100 1 12 10 1 1 7 1 12 10 10 10 12 10 1 1 12 10 1 12 10 10 12 10 1 1 1 12 10 12 10 1 1 1 1 8 1 100 1 1 12 10 15 1 12 18 1 12 10 12 10 1 12 10 1 8 1 12 18 12 10 1 1 1 100 1 12 9 1 1 12 10 1 1 1 1 1 12 10 1 1 12 10 1 12 10 1 1 1 1 1 1 100 1 12 10 1 12 10 1 7 1 1 12 10 1 100 1 8 1 12 18 1 12 10 16 15 1 16 1 12 18 1 100 1 12 10 15 16 18 1 12 10 15 16 18 1 1 1 100 1 12 10 8 10 1 12 10 8 8 8 8 8 8 8 1 1 1 1 1 1 1
ciInstanceKlass com/android/tools/r8/graph/J2 1 1 273 1 7 1 1 7 1 100 1 100 1 1 1 1 1 1 1 1 1 1 1 1 16 12 10 15 3 1 100 1 1 12 10 15 12 18 1 1 12 9 1 7 1 12 10 12 9 1 7 10 1 1 1 12 10 1 1 12 9 1 7 1 12 10 1 1 1 1 1 1 1 100 1 1 12 11 1 12 10 1 1 1 1 12 10 1 1 1 8 1 100 1 1 12 10 15 1 12 18 1 1 100 1 12 9 1 12 10 1 1 100 1 12 10 1 12 10 1 100 1 8 1 1 12 10 1 12 10 1 1 12 10 1 8 1 12 10 12 10 1 1 12 10 1 100 1 1 12 10 1 12 10 100 1 1 100 1 12 11 1 12 11 1 1 1 1 100 1 1 12 10 1 100 1 100 1 12 10 1 16 1 12 10 15 1 16 1 1 12 18 1 100 1 1 12 10 1 100 1 12 10 1 1 10 12 10 15 1 16 1 12 18 1 100 1 12 10 1 12 10 15 16 18 1 12 10 1 12 10 1 12 10 1 100 1 1 12 10 1 100 1 12 10 1 1 1 100 1 12 10 8 10 1 12 10 8 8 3 1 1 12 10 8 8 8 8 1 1 1 1 1 1 1
staticfield com/android/tools/r8/graph/J2 g I 0
ciInstanceKlass com/android/tools/r8/internal/jl 1 1 409 1 7 1 100 1 1 100 1 1 1 1 1 12 9 1 7 1 1 12 11 1 7 1 8 1 8 1 1 12 10 1 1 12 10 1 1 12 10 12 10 1 8 1 7 1 1 12 10 15 1 12 18 1 1 12 10 1 8 18 1 12 9 1 1 12 10 1 100 1 1 12 10 1 1 1 1 7 1 1 12 10 12 10 1 1 1 1 12 10 1 1 12 10 1 100 1 8 1 12 10 1 7 1 12 10 1 12 10 1 8 1 12 10 1 8 1 12 10 1 8 18 1 12 10 1 8 18 1 100 12 10 1 1 1 1 12 10 12 10 12 10 1 8 12 18 1 8 1 8 1 8 1 8 1 8 1 8 1 8 1 8 1 8 1 8 1 8 1 8 1 8 1 8 1 8 1 8 1 8 1 8 1 1 12 10 1 12 10 1 1 1 8 1 12 10 100 1 1 12 10 1 1 8 12 18 1 12 10 1 1 12 10 1 8 18 1 12 10 1 1 8 1 1 1 1 1 8 1 1 12 10 1 1 1 12 10 1 12 10 1 1 12 10 1 100 1 1 100 1 12 11 1 100 1 1 12 9 1 12 10 1 8 1 8 18 1 100 1 8 18 10 1 8 1 1 12 10 1 8 1 12 10 1 7 1 12 10 12 10 7 1 12 10 1 12 10 1 12 10 12 10 1 8 18 1 1 1 8 1 8 18 12 10 1 12 10 1 12 10 1 100 1 12 10 1 100 1 12 11 1 12 11 1 12 10 1 8 1 1 8 1 8 18 1 12 10 12 10 1 1 1 1 1 12 10 1 100 1 100 10 12 10 1 12 10 1 7 1 12 10 1 8 1 12 10 8 8 1 8 8 8 8 8 8 1 12 10 1 1 100 1 12 11 1 100 10 1 1 12 10 10 1 1 1 1 1 1 1
staticfield com/android/tools/r8/internal/jl a Lcom/android/tools/r8/internal/NB; com/android/tools/r8/internal/ie0
staticfield com/android/tools/r8/internal/jl b Z 1
ciInstanceKlass com/android/tools/r8/internal/hJ 0 0 13 1 100 1 100 1 1 1 12 10 1 1 1
ciInstanceKlass com/android/tools/r8/internal/EB 1 1 95 1 7 1 7 1 1 1 1 1 1 1 1 1 12 10 1 7 12 9 12 9 1 1 1 12 10 1 12 10 1 1 100 1 1 12 11 1 100 1 12 10 1 100 1 1 12 11 1 100 1 1 12 11 1 1 12 11 1 12 10 1 1 12 10 1 12 9 1 7 1 12 10 12 10 1 12 10 1 7 1 1 12 10 100 1 100 1 1 12 10 1 1 1 1
ciInstanceKlass com/android/tools/r8/graph/P2 1 1 192 1 7 1 1 7 1 100 1 100 1 1 1 1 1 1 1 1 1 12 9 1 1 1 1 1 1 16 1 12 10 15 3 1 100 1 1 12 10 15 12 18 1 1 100 1 12 10 1 1 1 1 1 100 1 100 1 1 12 11 1 1 1 1 1 1 7 1 12 10 1 1 100 1 100 1 7 12 10 1 1 100 1 12 10 1 1 1 12 10 1 1 1 1 1 1 1 100 1 1 12 11 1 1 1 100 1 1 12 10 1 1 12 10 1 12 10 12 10 1 1 1 1 100 1 12 10 1 1 1 16 1 12 10 15 16 1 1 12 18 1 100 1 1 12 10 1 1 12 9 10 1 12 9 1 12 9 1 100 10 1 1 7 1 12 10 10 1 1 1 100 1 12 10 8 1 100 12 10 1 12 10 8 8 1 1 1 1 1 1 1 1
staticfield com/android/tools/r8/graph/P2 c Lcom/android/tools/r8/graph/P2; com/android/tools/r8/graph/P2
staticfield com/android/tools/r8/graph/P2 d Z 1
ciInstanceKlass com/android/tools/r8/internal/ZA 1 1 19 1 100 1 100 1 1 1 1 3 3 3 3 3 3 1 1 1 1
instanceKlass com/android/tools/r8/graph/L4
instanceKlass com/android/tools/r8/graph/Q
instanceKlass com/android/tools/r8/graph/l3
ciInstanceKlass com/android/tools/r8/graph/g 1 1 254 1 7 1 1 7 1 100 1 1 100 1 1 1 1 1 1 1 1 1 1 12 10 12 10 1 100 1 1 12 10 1 7 1 100 1 1 12 11 1 1 12 11 1 100 1 1 12 11 1 100 1 8 1 1 12 10 1 12 10 1 1 12 10 1 12 10 1 1 12 10 1 1 1 16 12 10 15 3 1 100 1 1 12 10 15 12 18 1 1 12 9 12 9 1 1 12 10 1 12 10 1 12 10 1 1 1 1 1 1 12 10 1 12 9 1 100 10 1 12 10 1 12 10 1 1 1 1 1 1 1 1 1 1 12 10 1 1 1 12 10 1 12 10 1 1 16 15 1 12 18 15 18 15 18 12 10 15 18 12 10 15 18 12 10 15 18 1 12 10 12 9 1 1 100 1 1 12 11 1 10 1 16 1 12 10 15 16 1 1 12 18 1 100 1 12 10 12 10 15 18 1 1 7 1 12 10 1 8 1 8 1 8 1 8 1 8 1 8 1 1 1 100 1 12 10 8 10 1 12 10 8 8 8 3 1 12 10 8 8 8 8 8 8 8 1 1 1 1 1 1 1 1 1
staticfield com/android/tools/r8/graph/g d Lcom/android/tools/r8/internal/HB; com/android/tools/r8/internal/ee0
staticfield com/android/tools/r8/graph/g e Z 1
instanceKlass com/android/tools/r8/graph/T2
instanceKlass com/android/tools/r8/graph/S2$b
instanceKlass com/android/tools/r8/graph/S2$a
instanceKlass com/android/tools/r8/graph/S2$m
instanceKlass com/android/tools/r8/graph/b3
ciInstanceKlass com/android/tools/r8/graph/S2 1 1 369 1 7 1 1 7 1 100 1 1 100 1 100 1 100 1 100 1 100 1 100 1 100 1 100 1 100 1 100 1 100 1 100 1 100 1 100 1 100 1 100 1 100 1 100 1 100 1 100 1 100 1 100 1 100 1 100 1 1 1 1 1 1 1 1 1 1 1 1 1 1 1 1 1 100 1 1 12 10 1 1 1 12 10 1 12 9 1 100 1 12 10 12 10 1 1 100 1 12 9 1 100 1 12 11 12 10 1 1 1 1 1 1 1 1 1 1 1 1 1 1 1 1 1 1 1 1 1 1 1 1 1 1 1 1 1 1 1 1 1 1 1 1 1 1 1 1 1 1 1 1 1 1 1 1 1 1 1 1 1 1 1 1 1 1 1 1 1 1 1 1 1 1 1 1 1 1 1 1 1 12 10 1 1 10 1 1 100 1 12 10 1 12 10 1 100 1 1 12 10 1 12 10 1 100 1 1 12 10 1 12 10 1 100 1 1 12 10 1 12 10 1 100 1 100 1 12 10 1 12 10 1 100 12 10 1 8 1 100 1 1 12 10 15 1 12 18 1 12 10 12 10 1 12 10 1 12 10 1 12 10 1 12 10 12 9 1 100 12 10 1 100 10 1 100 1 100 1 100 1 100 1 12 10 1 12 10 1 100 1 100 1 12 10 1 12 10 1 1 12 10 1 7 1 12 10 1 8 1 12 18 1 1 100 1 12 10 1 1 12 10 12 9 1 1 1 12 10 1 8 1 12 18 1 12 9 1 12 9 1 12 9 1 12 9 1 12 9 1 12 9 1 12 9 1 12 9 1 12 9 1 1 1 1 1 1 1 1 1
staticfield com/android/tools/r8/graph/S2 b [Lcom/android/tools/r8/graph/S2; 0 [Lcom/android/tools/r8/graph/S2;
staticfield com/android/tools/r8/graph/S2 c Z 1
instanceKlass com/android/tools/r8/graph/R2
instanceKlass com/android/tools/r8/graph/Y2
instanceKlass com/android/tools/r8/graph/Z2
instanceKlass com/android/tools/r8/graph/U2
instanceKlass com/android/tools/r8/graph/S2$l
instanceKlass com/android/tools/r8/graph/X2
instanceKlass com/android/tools/r8/graph/S2$k
ciInstanceKlass com/android/tools/r8/graph/S2$m 1 1 116 1 7 1 1 7 1 1 1 1 1 1 1 1 12 10 12 9 1 1 1 1 1 100 10 1 1 100 1 12 10 1 100 1 12 10 1 1 12 10 1 1 12 10 1 12 10 1 1 1 100 1 1 12 10 1 100 1 1 12 10 1 8 1 100 1 1 12 10 15 1 12 18 1 12 10 1 1 8 18 1 1 1 1 100 12 10 1 100 1 12 9 1 1 12 10 1 1 8 1 12 18 1 1 12 10 1 1 1 1 1 1 1 1 1 1
ciInstanceKlass com/android/tools/r8/shaking/L0 1 0 7 1 100 1 100 1 1
ciInstanceKlass com/android/tools/r8/internal/MI 1 1 1775 1 7 1 7 1 100 1 1 100 1 7 1 100 1 100 1 7 1 7 1 7 1 100 1 7 1 7 1 100 1 7 1 7 1 7 1 7 1 7 1 7 1 7 1 100 1 100 1 100 1 7 1 7 1 7 1 1 1 1 1 1 1 1 1 1 1 1 1 1 1 1 1 100 1 100 1 100 1 1 1 1 1 1 1 1 1 1 1 1 1 1 1 1 1 1 1 1 1 1 1 1 1 1 1 1 1 1 1 1 1 1 1 1 1 1 1 1 1 1 1 1 1 1 1 1 1 1 1 1 1 1 1 1 1 1 1 1 1 1 1 1 1 1 1 1 1 1 1 1 1 1 1 1 1 1 1 1 1 1 1 1 1 1 1 1 1 1 1 1 1 1 1 1 1 1 1 1 1 1 1 1 1 1 1 1 1 1 1 1 1 1 1 1 1 1 1 1 1 1 1 1 1 1 1 1 1 1 1 1 1 1 1 1 1 1 1 1 1 1 1 1 1 1 1 1 1 1 1 1 1 1 1 1 1 1 1 1 1 1 1 1 1 1 1 1 1 1 1 1 1 1 1 1 1 1 1 1 1 1 1 1 1 1 1 1 1 1 1 1 1 1 1 1 1 1 1 1 1 1 1 1 1 1 1 1 1 1 1 1 1 1 1 1 1 7 1 1 12 11 1 16 1 12 10 15 1 16 3 1 7 1 1 12 10 15 1 1 12 18 12 9 1 12 9 12 10 12 10 12 9 12 9 1 7 12 9 1 1 12 10 1 100 1 1 12 10 1 12 10 1 7 1 12 11 12 11 1 12 11 1 12 10 1 7 1 12 10 12 9 12 9 12 9 12 9 12 9 1 7 1 12 10 1 12 9 1 12 9 1 7 1 12 10 1 7 1 12 11 12 9 12 9 12 9 12 9 12 9 12 9 12 9 12 9 12 9 12 9 12 10 12 9 12 10 12 9 1 7 10 1 12 9 12 9 1 12 9 1 12 10 1 8 1 12 10 12 9 1 100 1 1 12 9 1 12 9 12 9 1 12 9 1 8 1 100 1 12 9 1 100 1 12 10 1 1 12 10 1 100 1 12 10 1 12 10 12 9 1 100 1 12 9 12 9 1 8 1 100 1 12 10 12 9 1 8 1 100 1 1 12 10 1 1 12 10 1 100 1 12 10 1 1 12 10 12 9 1 12 10 1 12 10 1 12 9 1 100 12 10 1 7 1 8 1 100 1 100 10 1 12 9 1 100 1 12 9 1 100 1 12 10 1 100 1 12 10 1 100 1 12 10 1 100 1 12 9 12 10 1 8 12 9 12 9 1 8 1 8 1 8 12 9 1 8 1 1 12 9 1 12 9 1 1 7 1 100 1 12 9 1 100 1 100 12 9 12 9 1 100 1 8 10 12 10 12 10 12 10 1 100 12 10 12 9 1 1 12 11 12 9 1 100 11 1 100 12 9 1 1 12 10 1 100 1 12 11 1 1 12 11 1 100 1 1 12 10 1 1 12 11 12 9 1 100 12 11 1 1 12 10 1 100 11 12 9 12 10 12 9 1 12 10 12 9 12 10 12 9 12 10 1 12 10 1 12 9 1 12 10 12 10 1 1 100 1 1 12 10 1 100 12 10 1 12 9 1 1 12 9 1 12 9 1 1 12 9 1 1 12 9 1 12 9 1 12 9 1 12 9 1 12 9 1 12 9 1 12 9 1 12 9 1 12 9 1 12 9 1 12 9 1 12 9 1 100 10 12 9 1 1 100 10 1 1 12 10 1 16 1 100 1 12 11 15 1 16 1 1 12 18 1 100 1 12 10 1 100 1 12 9 1 100 1 12 10 1 12 10 1 100 1 100 1 12 10 1 12 10 1 1 12 10 1 100 1 100 1 12 10 12 10 1 100 1 12 9 12 10 1 100 1 12 10 1 100 1 1 12 9 1 100 1 12 10 1 100 10 12 9 10 1 8 1 8 1 8 1 7 1 1 12 10 1 8 12 10 1 100 12 10 1 8 1 100 1 1 12 10 15 1 12 18 12 9 1 1 100 1 8 1 100 1 12 10 1 100 12 11 12 10 1 1 12 10 1 7 11 1 12 9 1 7 12 10 1 7 10 1 100 1 12 10 1 12 9 1 100 11 1 100 12 10 1 100 1 1 12 10 16 1 12 10 15 16 1 1 12 18 1 100 1 12 10 1 100 1 12 10 1 12 10 1 1 12 10 1 1 12 10 12 9 1 12 10 15 16 1 12 18 1 7 1 1 12 10 1 100 11 1 1 12 10 12 9 12 10 15 18 1 12 9 12 9 1 100 1 12 9 12 10 15 18 1 12 10 12 10 1 100 1 100 1 8 1 12 10 1 12 9 1 7 1 12 9 1 100 12 10 1 7 1 12 10 12 9 12 9 12 9 12 9 12 9 12 9 12 10 12 9 12 9 1 100 1 12 11 12 9 1 7 12 9 12 10 1 1 7 12 9 12 9 12 11 12 9 12 10 12 9 1 12 10 1 100 1 8 10 1 100 10 1 12 10 10 1 100 1 100 1 8 10 10 11 1 8 1 1 12 10 1 12 9 1 12 10 1 8 12 9 1 12 10 1 8 12 9 10 1 12 10 1 12 10 1 1 12 10 1 100 11 11 1 8 1 8 1 8 1 12 18 1 8 12 10 1 8 1 8 1 8 1 12 9 12 9 12 9 1 8 12 10 12 9 12 9 12 9 10 1 7 1 12 10 12 9 12 9 12 9 12 9 1 12 9 5 0 12 9 1 7 1 12 9 12 9 12 9 12 9 12 9 12 9 12 9 12 9 1 8 12 10 12 9 1 8 12 9 1 8 1 8 1 12 10 12 9 12 9 12 9 1 8 9 1 7 1 12 10 1 8 1 12 10 12 9 12 9 1 8 12 9 12 9 12 9 12 9 12 9 12 9 12 9 12 9 1 8 12 9 12 9 1 16 1 12 10 15 16 1 1 12 18 12 9 12 9 12 9 1 8 12 9 12 9 1 7 1 1 12 10 12 9 12 9 12 9 12 9 12 9 10 12 9 12 9 12 9 12 9 12 9 12 9 12 9 12 9 1 8 12 9 12 9 12 9 1 8 1 8 1 8 1 8 1 8 12 9 1 8 12 9 1 7 1 12 10 1 12 10 12 9 12 10 12 9 12 9 12 10 12 9 12 9 1 8 12 9 1 8 12 9 12 9 12 9 12 9 12 9 12 9 12 9 12 9 12 9 12 9 12 9 12 9 12 9 12 9 12 9 12 9 12 9 12 9 1 7 1 12 10 10 10 10 10 10 1 7 10 1 8 1 7 1 12 10 10 10 10 10 1 7 10 10 12 9 1 7 10 10 10 1 7 10 1 7 10 1 8 1 8 1 7 1 12 10 12 9 10 12 9 12 9 10 12 9 12 9 12 9 12 9 12 9 1 12 10 12 9 12 9 12 9 12 9 12 9 12 9 1 7 12 10 12 9 10 1 100 10 1 7 10 1 12 10 1 12 9 12 10 1 12 10 1 100 9 12 9 9 12 9 12 10 9 12 9 12 9 9 12 9 1 1 12 10 12 10 12 9 1 8 18 1 10 1 100 12 9 16 15 1 16 1 12 18 1 16 18 1 16 18 1 12 10 9 1 8 12 10 15 1 16 18 1 12 10 1 8 12 9 10 12 10 15 1 16 18 1 8 1 16 18 1 8 1 8 1 8 1 16 18 1 8 1 100 1 12 10 1 1 1 7 1 12 10 1 8 12 9 12 9 12 9 1 12 10 1 7 1 12 9 9 12 9 1 1 100 1 100 1 1 12 9 12 10 1 12 10 1 8 1 7 9 1 100 10 1 12 10 15 16 1 12 18 1 12 10 12 10 1 7 1 12 9 1 8 1 12 10 15 1 16 1 12 18 10 1 1 1 100 1 12 10 8 1 12 10 8 3 1 1 12 10 3 8 8 8 8 8 8 8 8 8 8 8 8 8 1 1 1 1 1 1 1 1
staticfield com/android/tools/r8/internal/MI f2 Z 0
staticfield com/android/tools/r8/internal/MI g2 Lcom/android/tools/r8/internal/wb; com/android/tools/r8/internal/wb
staticfield com/android/tools/r8/internal/MI h2 I 41
staticfield com/android/tools/r8/internal/MI i2 Z 1
ciInstanceKlass com/android/tools/r8/internal/wb 1 1 243 1 7 1 1 7 1 100 1 1 1 1 1 1 1 1 1 1 1 1 1 1 1 1 1 1 1 1 1 1 1 1 12 10 12 9 1 1 12 10 1 1 16 1 12 10 15 1 16 3 1 7 1 1 12 10 15 1 1 12 18 1 7 1 12 10 12 10 15 18 1 1 12 9 1 12 10 1 12 9 1 100 1 12 11 1 100 10 3 1 8 1 12 10 1 100 1 1 12 10 1 16 1 12 10 15 1 16 1 1 12 18 1 100 1 1 12 11 12 10 15 18 1 100 1 1 12 10 1 1 12 11 1 100 12 11 1 1 7 1 1 12 10 3 12 9 12 9 12 9 12 9 12 9 12 9 12 9 12 9 12 9 12 9 12 9 12 9 12 9 1 16 12 10 15 12 18 1 1 100 1 12 11 1 1 100 12 9 12 10 1 12 10 1 1 1 8 1 100 1 1 12 10 15 1 12 18 1 8 1 12 18 1 1 1 1 1 100 1 12 10 8 12 10 1 12 10 8 8 8 8 3 1 1 12 10 8 1 1 1 1 1 1
staticfield com/android/tools/r8/internal/wb c Lcom/android/tools/r8/internal/wb; com/android/tools/r8/internal/wb
staticfield com/android/tools/r8/internal/wb d Lcom/android/tools/r8/internal/wb; com/android/tools/r8/internal/wb
staticfield com/android/tools/r8/internal/wb e Lcom/android/tools/r8/internal/wb; com/android/tools/r8/internal/wb
staticfield com/android/tools/r8/internal/wb f Lcom/android/tools/r8/internal/wb; com/android/tools/r8/internal/wb
staticfield com/android/tools/r8/internal/wb g Lcom/android/tools/r8/internal/wb; com/android/tools/r8/internal/wb
staticfield com/android/tools/r8/internal/wb h Lcom/android/tools/r8/internal/wb; com/android/tools/r8/internal/wb
staticfield com/android/tools/r8/internal/wb i Lcom/android/tools/r8/internal/wb; com/android/tools/r8/internal/wb
staticfield com/android/tools/r8/internal/wb j Lcom/android/tools/r8/internal/wb; com/android/tools/r8/internal/wb
staticfield com/android/tools/r8/internal/wb k Lcom/android/tools/r8/internal/wb; com/android/tools/r8/internal/wb
staticfield com/android/tools/r8/internal/wb l Lcom/android/tools/r8/internal/wb; com/android/tools/r8/internal/wb
staticfield com/android/tools/r8/internal/wb m Lcom/android/tools/r8/internal/wb; com/android/tools/r8/internal/wb
staticfield com/android/tools/r8/internal/wb n Lcom/android/tools/r8/internal/wb; com/android/tools/r8/internal/wb
staticfield com/android/tools/r8/internal/wb o Lcom/android/tools/r8/internal/wb; com/android/tools/r8/internal/wb
staticfield com/android/tools/r8/internal/wb p [Lcom/android/tools/r8/internal/wb; 24 [Lcom/android/tools/r8/internal/wb;
staticfield com/android/tools/r8/internal/wb q Z 1
ciInstanceKlass com/android/tools/r8/graph/A 1 1 44 1 7 1 7 1 1 1 1 1 1 12 10 12 9 1 1 8 1 7 1 1 12 10 1 8 1 1 1 100 1 1 12 9 1 12 9 1 100 1 1 1 1 1
ciInstanceKlass com/android/tools/r8/graph/h4 1 1 315 1 7 1 7 1 1 1 1 1 1 1 1 1 1 1 1 1 1 1 1 12 9 1 100 1 12 10 12 9 1 7 1 12 9 1 100 1 12 10 1 100 1 1 12 10 1 100 1 100 12 10 1 12 10 1 12 9 12 9 1 100 1 12 9 1 100 1 12 10 1 100 1 7 1 1 12 9 1 12 10 1 12 9 1 7 1 1 12 10 1 12 9 1 16 1 7 12 10 15 16 3 1 7 1 1 12 10 15 1 1 12 18 1 7 1 1 12 10 12 9 12 10 15 18 1 12 9 1 7 1 12 10 12 10 15 16 1 12 18 1 7 1 12 10 1 12 9 1 12 9 12 9 1 100 1 1 12 10 1 12 10 1 12 10 12 10 12 10 12 9 1 7 1 12 10 12 10 1 12 10 1 1 12 10 1 12 10 1 7 1 12 10 1 12 10 1 7 1 1 12 10 1 100 1 7 1 100 1 12 10 1 12 10 12 9 1 1 1 12 10 1 1 12 10 1 16 12 10 15 1 16 1 1 12 18 1 100 1 1 12 11 1 10 10 10 1 7 10 1 1 12 10 1 7 1 12 10 1 1 12 9 1 7 1 12 9 1 7 1 1 12 10 1 12 10 1 10 12 10 1 1 7 1 12 10 1 1 1 100 1 12 10 8 10 1 12 10 8 8 8 8 3 1 1 12 10 8 8 3 1 1 1 1 1
staticfield com/android/tools/r8/graph/h4 h Z 1
ciInstanceKlass com/android/tools/r8/graph/o4 1 1 437 1 7 1 1 7 1 1 100 1 100 1 7 1 100 1 100 1 7 1 1 1 1 1 1 1 1 1 1 1 1 1 1 12 10 12 9 12 9 12 9 1 1 1 1 1 1 1 1 1 8 1 7 1 1 12 10 1 8 3 1 7 1 12 10 1 12 9 1 100 10 1 7 1 7 1 7 1 12 10 1 12 9 1 7 1 12 10 1 16 1 12 10 15 1 16 3 1 7 1 1 12 10 15 1 1 12 18 1 12 10 1 1 100 1 7 1 1 12 9 1 100 1 16 1 12 10 15 1 16 1 1 12 18 12 10 1 1 1 12 11 1 1 12 11 1 7 1 100 1 1 12 11 1 7 1 7 1 12 10 1 7 1 12 10 1 1 12 10 1 7 1 1 12 9 1 7 1 12 10 1 1 12 11 1 7 1 7 1 12 11 1 1 12 11 1 12 9 1 12 10 1 12 9 1 12 9 1 12 11 1 100 1 100 1 1 12 10 1 8 1 100 1 1 12 10 15 1 12 18 1 12 10 1 12 9 1 1 12 11 7 1 7 1 12 10 1 1 12 10 1 12 10 1 100 1 7 1 12 10 1 12 10 1 1 12 10 12 10 12 11 11 1 7 1 12 10 1 7 1 1 12 10 3 1 12 10 1 1 12 10 12 9 1 16 12 10 15 1 1 12 18 1 7 1 1 12 9 1 7 1 12 10 1 1 1 1 7 1 100 1 8 1 12 10 100 1 7 9 1 1 12 9 1 7 12 10 1 1 12 9 1 100 1 1 12 11 1 7 1 12 10 1 12 10 1 12 9 1 7 1 1 12 9 1 7 1 12 10 1 7 1 100 1 12 10 1 12 9 1 1 12 9 1 12 10 1 12 10 12 9 1 7 1 12 10 1 12 9 1 100 1 12 10 1 8 1 1 1 100 1 12 10 8 10 1 12 10 8 3 1 12 10 3 3 3 8 8 1 1 1 1 1 1 1 1 1
staticfield com/android/tools/r8/graph/o4 d [B 4
staticfield com/android/tools/r8/graph/o4 e Z 1
instanceKlass com/android/tools/r8/graph/O2
ciInstanceKlass com/android/tools/r8/graph/r0 1 1 494 1 7 1 1 7 1 100 1 1 100 1 100 1 7 1 100 1 1 100 1 100 1 1 100 1 1 100 1 1 100 1 1 100 1 1 100 1 100 1 100 1 1 100 1 100 1 1 1 1 1 1 1 1 1 1 1 1 1 1 16 12 10 15 3 1 100 1 1 12 10 15 12 18 1 1 12 9 1 7 1 12 9 1 1 12 9 12 10 1 1 12 10 1 1 1 8 1 100 1 1 12 10 15 1 12 18 1 1 12 10 1 1 100 1 12 10 1 1 100 1 1 12 11 1 1 12 10 1 1 16 1 12 10 15 16 1 12 18 1 100 1 12 10 1 16 1 12 10 15 16 1 1 12 18 1 12 10 1 12 10 1 1 7 1 12 9 1 12 10 1 1 12 10 1 100 1 12 9 1 100 1 1 12 9 1 1 12 10 1 100 1 12 9 1 100 10 1 100 1 12 9 1 7 1 8 1 12 10 1 12 10 1 12 10 1 8 1 12 10 1 1 12 9 1 100 1 12 10 1 100 10 1 1 12 10 1 1 12 10 1 12 10 1 12 10 12 9 1 1 12 10 1 12 10 1 1 12 10 1 1 12 9 1 12 9 1 12 10 1 100 10 1 1 12 10 1 1 12 10 1 100 12 10 1 1 12 10 10 1 8 100 1 12 10 1 12 9 1 1 1 1 1 12 9 1 12 10 1 1 100 1 12 10 12 9 1 12 9 1 100 1 100 1 12 9 1 12 9 1 100 1 12 11 1 12 10 1 12 10 1 12 9 1 12 9 12 10 1 12 10 10 1 1 12 10 12 10 12 9 1 100 1 12 9 1 100 1 12 9 1 100 1 12 10 1 12 10 1 1 12 9 10 1 1 12 10 1 100 1 1 12 10 1 1 12 9 1 12 11 1 12 10 1 1 7 1 12 10 9 1 1 12 9 1 12 10 1 1 1 7 1 12 9 12 9 1 1 12 10 1 12 9 1 1 12 9 1 12 10 1 12 9 1 12 9 1 1 12 9 1 100 1 8 1 12 10 1 100 1 12 10 1 12 9 1 12 9 1 1 1 100 1 12 10 8 10 1 12 10 8 8 8 8 8 1 1 1 1 1 1 1 1 1
staticfield com/android/tools/r8/graph/r0 d [Lcom/android/tools/r8/graph/r0; 0 [Lcom/android/tools/r8/graph/r0;
staticfield com/android/tools/r8/graph/r0 e Z 1
ciInstanceKlass com/android/tools/r8/graph/j4 1 1 831 1 7 1 7 1 1 7 1 7 1 7 1 1 100 1 7 1 1 7 1 100 1 1 7 1 7 1 1 7 1 100 1 1 1 1 1 1 1 1 1 1 1 1 1 1 1 1 1 1 1 1 1 1 1 1 1 1 1 1 1 1 1 1 1 1 1 1 1 1 1 1 1 1 1 1 1 1 1 1 1 12 10 1 7 1 12 10 12 9 12 9 1 7 10 12 9 12 9 12 9 12 9 12 9 1 12 10 12 9 12 9 12 9 12 9 12 9 1 7 10 12 9 12 9 12 9 12 9 12 9 12 9 12 9 12 9 12 9 1 12 9 12 9 1 1 1 7 1 1 12 10 12 9 1 1 7 1 12 10 1 8 1 7 1 8 1 8 1 100 1 1 12 10 15 1 12 18 1 1 8 12 18 1 12 10 12 10 1 8 1 12 18 1 1 100 1 12 9 1 12 9 1 100 1 12 10 1 1 12 10 1 100 1 12 9 1 12 10 1 100 10 1 1 7 12 10 12 9 1 7 12 9 1 7 1 12 11 1 7 1 12 9 1 12 9 1 100 1 8 1 12 18 1 8 18 1 8 18 1 8 1 100 1 12 10 1 12 10 1 100 1 1 12 9 1 100 1 12 10 1 100 1 7 1 12 10 1 7 1 12 10 1 7 1 12 10 1 12 10 1 8 1 7 1 12 10 1 12 10 1 12 10 1 1 12 10 1 7 10 1 7 10 1 1 100 1 12 10 1 100 10 1 1 12 10 1 12 9 3 1 100 12 9 12 9 3 1 12 10 12 9 12 9 1 8 1 1 12 10 1 12 10 1 8 1 100 1 8 12 10 1 12 10 1 7 1 12 10 1 8 18 12 10 12 9 7 1 1 12 10 1 7 1 1 12 10 1 100 1 12 10 12 9 1 12 9 1 12 10 1 7 1 12 10 1 8 18 1 8 18 1 12 9 1 12 10 1 7 1 7 1 7 1 12 9 1 7 1 8 12 10 1 12 10 1 12 10 1 12 10 1 1 7 12 9 1 100 1 12 10 12 10 1 7 1 12 10 1 1 12 10 12 10 3 1 12 9 1 12 10 1 100 1 7 1 12 10 1 1 1 12 9 12 9 12 9 1 1 12 10 1 8 1 8 1 8 1 8 1 8 1 8 1 8 1 12 10 1 100 12 10 1 100 1 12 10 1 1 12 10 1 16 1 12 10 15 16 3 1 7 1 1 12 10 15 1 1 12 18 1 100 1 12 10 1 16 15 1 16 1 1 12 18 1 12 10 1 1 12 10 1 12 9 1 12 9 1 7 1 12 9 1 1 12 10 100 1 12 10 1 12 10 1 12 9 1 100 1 12 9 1 100 1 12 10 1 8 1 12 10 1 1 12 9 1 12 10 1 7 1 12 9 7 1 7 1 12 9 7 1 12 9 1 12 10 1 7 1 12 9 1 100 1 100 12 9 1 12 9 1 7 1 12 11 1 12 10 1 7 1 1 12 10 1 12 10 12 9 1 12 10 12 10 12 10 1 1 12 10 1 100 1 1 12 11 1 100 1 12 11 1 1 12 11 12 9 1 12 11 1 100 10 12 10 1 12 10 10 1 8 1 8 1 12 10 1 12 10 12 9 12 9 1 12 10 1 12 10 1 12 9 1 7 1 12 10 1 1 12 10 12 9 12 9 12 9 1 7 12 11 1 12 9 1 7 10 1 1 12 10 1 1 12 10 1 16 12 10 15 1 12 18 12 10 15 1 12 18 1 7 1 12 9 1 12 10 1 12 10 1 12 10 1 8 18 10 1 1 1 100 1 12 10 8 10 1 12 10 8 3 1 1 12 10 8 8 8 1 100 1 12 10 8 1 1 1 1 1 1 1
staticfield com/android/tools/r8/graph/j4 F Z 1
ciInstanceKlass com/android/tools/r8/graph/V 1 1 160 1 7 1 1 7 1 1 100 1 100 1 100 1 1 100 1 100 1 1 100 1 7 1 1 7 1 100 1 1 1 1 1 1 1 1 1 1 12 10 12 9 12 9 1 1 100 1 12 11 1 12 10 1 1 100 10 1 1 12 10 1 1 16 12 10 15 16 3 1 7 1 1 12 10 15 1 12 18 1 16 1 7 1 1 12 10 15 1 16 1 1 12 18 12 10 12 9 12 10 15 16 18 1 7 1 12 10 15 18 12 9 12 10 15 16 18 1 12 10 15 18 12 9 1 100 12 11 1 1 1 100 1 1 12 10 8 1 12 10 1 12 10 8 8 8 8 8 8 8 8 8 1 1 1 1 1 1 1 1
staticfield com/android/tools/r8/graph/V d Lcom/android/tools/r8/graph/V; com/android/tools/r8/graph/V
staticfield com/android/tools/r8/graph/V e Lcom/android/tools/r8/graph/V; com/android/tools/r8/graph/V
ciInstanceKlass com/android/tools/r8/graph/H3$d 1 1 34 1 7 1 1 100 1 1 100 1 1 100 1 1 100 1 1 100 1 1 1 12 11 1 1 1 1 1 1 1 1 1 1 1
ciInstanceKlass com/android/tools/r8/graph/L4 1 1 183 1 7 1 1 7 1 1 100 1 1 1 1 1 12 10 1 12 10 3 1 1 12 9 1 1 12 10 1 1 3 1 1 1 1 1 1 1 12 10 1 1 1 1 1 1 1 12 10 1 1 1 1 1 1 1 100 1 12 10 1 12 9 1 12 10 1 8 1 12 10 1 8 1 8 1 8 1 8 1 8 12 10 12 10 16 12 10 15 3 1 100 1 1 12 10 15 1 1 12 18 12 10 15 18 12 10 15 18 12 10 15 18 12 10 15 18 12 10 15 18 1 12 10 1 12 9 1 100 10 12 10 1 1 12 10 1 1 3 3 1 1 7 1 12 10 1 1 1 100 1 1 12 10 8 1 100 1 1 12 10 1 12 10 8 3 1 1 12 10 8 8 8 8 8 1 1 1 1 1 1 1 1
staticfield com/android/tools/r8/graph/L4 f Z 1
ciInstanceKlass com/android/tools/r8/graph/H3$c 1 1 169 1 7 1 7 1 1 7 1 1 1 7 1 1 7 1 1 100 1 1 1 1 1 1 1 1 1 1 1 12 9 1 12 9 1 12 10 1 1 1 12 10 12 9 1 100 1 12 10 1 100 1 100 12 9 12 9 12 9 1 100 1 12 9 1 1 12 11 1 16 1 12 10 15 1 16 3 1 100 1 1 12 10 15 1 1 12 18 1 100 1 1 12 11 12 10 15 18 1 1 7 1 12 10 1 1 1 1 1 1 1 1 1 1 1 1 12 10 1 1 100 12 11 1 100 1 12 11 1 12 11 1 12 11 1 1 12 10 1 12 10 1 1 1 100 1 1 12 10 8 1 100 1 12 10 1 12 10 8 8 1 1 1 1 1 1 1 1 1
staticfield com/android/tools/r8/graph/H3$c e Z 1
ciInstanceKlass com/android/tools/r8/graph/l4 1 1 587 1 7 1 7 1 1 7 1 100 1 7 1 1 7 1 7 1 1 7 1 1 7 1 7 1 1 7 1 1 7 1 7 1 1 1 1 1 1 1 1 1 1 1 1 1 1 1 1 1 1 1 1 1 1 1 1 3 1 12 10 12 9 12 9 12 9 12 9 12 9 12 9 12 9 12 9 12 9 12 9 1 7 1 12 9 1 12 9 1 7 1 12 10 12 9 1 12 10 12 9 3 1 7 1 100 12 9 1 7 1 12 10 12 9 1 7 1 12 10 1 12 10 1 12 9 1 12 9 1 7 1 12 9 1 7 1 12 9 1 7 1 12 10 1 12 10 1 7 1 12 10 1 1 12 10 1 7 1 1 12 10 1 12 9 1 12 9 1 12 10 12 9 1 1 7 1 1 12 10 12 9 1 1 1 12 9 12 9 1 12 9 1 7 12 9 1 1 12 10 1 8 1 12 10 1 8 1 8 1 8 1 8 1 8 1 8 1 100 1 1 12 10 1 100 1 100 1 12 10 1 12 10 1 100 1 12 10 1 16 1 12 10 15 16 3 1 7 1 1 12 10 15 1 1 12 18 1 100 1 1 12 10 1 12 9 1 7 1 1 12 10 1 8 1 16 1 12 10 15 1 16 1 1 12 18 1 12 10 1 1 7 1 16 1 12 10 15 16 1 12 18 1 12 10 1 1 100 10 1 1 12 10 1 12 9 1 1 12 10 1 7 1 1 12 10 1 1 1 100 1 12 9 1 12 10 1 12 10 1 12 10 12 10 1 100 1 8 10 12 10 1 7 1 12 10 1 7 1 12 10 1 100 1 1 12 10 1 12 9 1 100 1 12 9 1 100 1 12 10 1 100 1 12 10 1 100 10 1 12 10 12 10 12 10 1 7 1 12 10 1 12 10 12 10 9 12 9 1 12 10 1 12 9 1 7 1 12 9 1 12 10 1 7 1 12 9 1 12 10 1 7 1 100 1 12 10 1 12 10 1 12 10 12 9 1 1 12 10 1 12 10 1 1 12 10 1 12 10 1 12 10 12 9 1 12 9 12 9 1 12 10 1 12 9 12 9 12 9 9 12 10 1 12 10 1 7 1 12 9 1 7 1 12 10 1 1 12 9 1 7 10 1 7 12 10 3 12 9 1 12 10 12 10 1 12 9 1 12 9 1 100 1 100 1 12 10 1 100 1 8 10 1 1 12 10 1 8 1 12 10 10 1 100 1 1 12 10 1 12 9 1 7 12 10 1 12 10 11 11 1 1 1 100 1 12 10 8 10 1 12 10 8 3 1 12 10 8 8 8 1 1 1 1 1 1 1
staticfield com/android/tools/r8/graph/l4 r Z 1
ciInstanceKlass com/android/tools/r8/graph/H3 1 1 149 1 7 1 100 1 1 7 1 7 1 100 1 100 1 100 1 100 1 7 1 100 1 100 1 7 1 100 1 7 1 100 1 100 1 100 1 1 1 1 1 1 1 1 1 1 1 1 1 1 1 100 1 7 1 1 12 10 1 1 12 10 1 12 10 1 100 1 100 1 8 1 100 1 12 10 1 1 12 11 1 12 10 1 1 1 1 1 1 1 1 1 1 1 12 10 1 8 12 9 1 1 1 12 10 1 8 1 12 9 1 1 1 1 7 1 12 9 1 7 12 9 12 9 12 9 12 9 12 9 1 7 1 1 12 9 1 12 9 1 12 10 1 1 1 1 1 1 1
staticfield com/android/tools/r8/graph/H3 a Lcom/android/tools/r8/internal/ee0; com/android/tools/r8/internal/ee0
staticfield com/android/tools/r8/graph/H3 b Lcom/android/tools/r8/internal/ee0; com/android/tools/r8/internal/ee0
staticfield com/android/tools/r8/graph/H3 c Lcom/android/tools/r8/internal/ee0; com/android/tools/r8/internal/ee0
staticfield com/android/tools/r8/graph/H3 d Lcom/android/tools/r8/internal/ee0; com/android/tools/r8/internal/ee0
staticfield com/android/tools/r8/graph/H3 e Lcom/android/tools/r8/graph/H3$c; com/android/tools/r8/graph/H3$c
instanceKlass com/android/tools/r8/internal/mW
instanceKlass com/android/tools/r8/graph/t4
instanceKlass com/android/tools/r8/internal/ZW
instanceKlass com/android/tools/r8/graph/l4
ciInstanceKlass com/android/tools/r8/internal/YW 1 1 147 1 7 1 7 1 1 1 1 1 1 12 9 12 10 1 12 10 1 1 12 9 3 12 10 1 100 1 8 1 1 12 10 1 12 10 1 12 10 1 12 10 1 12 10 1 12 10 1 12 10 1 12 10 1 12 10 1 12 10 1 12 10 1 12 10 1 8 1 12 10 1 12 10 1 12 10 1 1 100 1 100 1 12 10 3 1 100 1 8 12 10 12 10 1 12 10 1 12 10 12 10 1 12 10 12 10 1 12 10 1 12 10 12 10 12 10 12 10 1 12 10 3 3 3 3 3 1 100 1 8 1 100 1 12 10 10 1 100 10 12 10 12 10 1 1 1
ciInstanceKlass com/android/tools/r8/internal/Fs0 1 1 157 1 7 1 7 1 1 1 1 1 1 1 1 1 1 1 1 1 1 1 1 1 1 12 9 1 100 1 1 12 10 12 9 12 9 12 9 1 7 1 1 12 10 1 1 12 10 1 100 1 1 12 10 1 12 10 12 10 1 12 10 1 8 1 1 12 10 1 12 10 1 8 1 8 1 8 1 8 1 8 1 8 1 8 1 8 1 8 1 8 1 8 1 7 1 12 10 1 1 1 1 12 10 1 1 12 10 1 12 10 1 1 12 10 1 1 12 10 1 100 1 12 10 1 100 1 8 1 1 12 10 10 12 9 12 9 12 9 12 9 12 9 12 9 12 9 12 9 12 9 1 1 8 10 1 1 1
staticfield com/android/tools/r8/internal/Fs0 e Lcom/android/tools/r8/internal/Fs0; com/android/tools/r8/internal/Fs0
staticfield com/android/tools/r8/internal/Fs0 f Lcom/android/tools/r8/internal/Fs0; com/android/tools/r8/internal/Fs0
staticfield com/android/tools/r8/internal/Fs0 g Lcom/android/tools/r8/internal/Fs0; com/android/tools/r8/internal/Fs0
staticfield com/android/tools/r8/internal/Fs0 h Lcom/android/tools/r8/internal/Fs0; com/android/tools/r8/internal/Fs0
staticfield com/android/tools/r8/internal/Fs0 i Lcom/android/tools/r8/internal/Fs0; com/android/tools/r8/internal/Fs0
staticfield com/android/tools/r8/internal/Fs0 j Lcom/android/tools/r8/internal/Fs0; com/android/tools/r8/internal/Fs0
staticfield com/android/tools/r8/internal/Fs0 k Lcom/android/tools/r8/internal/Fs0; com/android/tools/r8/internal/Fs0
staticfield com/android/tools/r8/internal/Fs0 l Lcom/android/tools/r8/internal/Fs0; com/android/tools/r8/internal/Fs0
staticfield com/android/tools/r8/internal/Fs0 m Lcom/android/tools/r8/internal/Fs0; com/android/tools/r8/internal/Fs0
ciInstanceKlass  @bci com/android/tools/r8/graph/h4 a (Ljava/lang/String;)Lcom/android/tools/r8/internal/Fs0; 5 <appendix> argL0 ; 1 1 41 1 7 1 7 1 100 1 100 1 1 12 10 1 1 1 7 1 7 1 1 12 10 1 1 1 100 1 100 8 8 8 3 8 8 8 1 12 10 1 1
ciInstanceKlass  @bci com/android/tools/r8/graph/h4 d (Ljava/lang/String;)Lcom/android/tools/r8/graph/M2; 17 <appendix> member <vmtarget> ; 1 1 46 1 7 1 7 1 100 1 100 1 1 1 1 1 12 10 12 9 1 1 1 7 1 7 1 1 12 10 1 1 1 100 1 100 8 8 8 3 8 8 8 1 12 10 1 1
ciInstanceKlass com/android/tools/r8/graph/K3 1 1 394 1 7 1 7 1 1 7 1 7 1 1 7 1 1 7 1 1 7 1 1 7 1 1 7 1 1 7 1 1 7 1 1 100 1 1 7 1 1 1 1 1 1 1 1 1 1 1 12 10 12 9 1 1 7 1 1 12 10 12 9 1 1 100 1 7 1 1 12 10 12 9 12 9 12 9 12 9 12 9 12 10 1 12 10 1 100 1 1 12 10 1 8 1 7 1 1 12 10 15 1 12 18 1 12 10 1 100 1 1 12 10 1 1 12 10 1 8 18 1 1 12 10 1 8 18 1 1 7 1 12 10 1 100 10 1 12 10 1 7 12 10 1 8 1 12 18 12 10 1 7 1 12 10 1 12 9 1 7 10 1 16 1 12 10 15 1 16 3 1 7 1 1 12 10 15 1 1 12 18 1 12 10 1 12 10 1 12 9 1 12 9 1 7 1 1 12 10 1 12 10 12 10 1 7 1 12 10 12 9 1 7 10 1 12 10 1 12 9 1 12 10 1 12 10 12 11 1 1 12 10 1 7 1 12 10 1 12 10 1 1 12 10 1 8 1 12 10 1 12 9 1 12 10 1 7 10 1 1 12 10 1 12 10 1 12 10 12 10 1 7 1 12 11 1 7 1 12 10 12 10 12 9 1 7 1 12 9 12 9 1 12 10 12 9 12 9 15 1 12 18 1 100 1 7 1 12 10 1 7 1 1 12 10 1 12 10 1 12 9 1 12 10 1 12 10 1 8 1 8 12 18 1 12 10 100 1 8 1 100 1 1 12 10 10 1 1 12 10 1 8 18 1 100 1 12 10 1 12 10 1 8 1 12 18 1 1 1 100 1 12 10 8 1 12 10 1 12 10 8 3 1 1 12 10 8 8 1 1 1 1 1 1 1
staticfield com/android/tools/r8/graph/K3 g Z 1
ciInstanceKlass com/android/tools/r8/graph/S2$l 1 1 83 1 100 1 1 7 1 1 100 1 1 1 1 1 12 10 1 1 1 1 12 9 1 100 1 1 12 10 1 100 1 1 12 10 1 100 1 1 12 10 1 1 1 100 12 10 1 1 1 100 1 12 9 1 12 10 1 1 1 1 100 1 12 9 1 1 1 1 1 1 1 1 100 12 10 1 1 1 1 1 1 1 1
ciInstanceKlass com/android/tools/r8/graph/I3 1 1 67 1 7 1 7 1 1 7 1 7 1 1 1 1 1 1 1 1 12 10 12 9 1 100 10 1 100 1 1 12 10 1 1 12 10 1 12 10 12 9 1 1 7 1 12 10 1 1 1 1 1 12 10 1 7 1 12 9 1 12 10 1 1 1 1 1 1
staticfield com/android/tools/r8/graph/I3 b Z 1
ciInstanceKlass com/android/tools/r8/graph/S2$b 1 1 151 1 7 1 7 1 1 1 1 1 1 1 12 10 12 9 1 1 1 12 10 1 100 1 1 12 10 1 100 1 1 12 10 1 100 1 1 12 10 1 1 1 100 1 12 10 1 100 1 100 1 1 12 11 1 1 1 1 1 1 1 100 1 1 12 9 1 1 100 1 100 12 10 1 1 12 10 1 100 1 12 10 1 100 1 100 12 10 1 1 100 10 1 1 1 8 1 12 10 1 1 100 1 12 9 1 1 8 1 12 10 1 1 1 12 10 1 1 1 12 10 1 1 1 12 10 1 8 1 100 1 1 12 10 15 1 12 18 1 12 10 1 1 1 1 1 1 1 1 1 1
ciInstanceKlass com/android/tools/r8/graph/e1 1 1 229 1 7 1 1 7 1 100 1 1 1 1 1 1 1 1 1 1 1 1 16 1 12 10 15 16 3 1 100 1 1 12 10 15 1 1 12 18 1 100 1 12 10 1 12 10 15 16 18 1 12 10 1 1 1 12 10 12 9 12 9 12 9 1 1 100 1 12 9 1 100 1 12 10 1 1 7 1 1 12 10 12 9 1 1 16 12 10 15 12 18 1 1 1 1 1 1 100 12 10 100 1 100 1 100 1 100 1 1 12 10 1 12 11 1 12 9 1 100 10 1 1 100 1 1 12 11 1 1 1 1 1 1 1 100 10 1 1 1 100 1 12 10 1 8 1 100 1 1 12 10 15 1 12 18 1 1 100 12 10 1 12 10 1 1 12 10 1 12 10 1 10 1 16 12 10 15 16 1 1 12 18 1 1 12 10 1 12 10 1 1 100 12 11 12 9 1 100 1 12 10 12 10 1 1 1 1 1 100 1 12 10 8 10 1 12 10 8 8 8 8 8 1 1 1 1 1 1 1
staticfield com/android/tools/r8/graph/e1 e Z 1
ciInstanceKlass com/android/tools/r8/graph/u4 1 1 292 1 7 1 7 1 1 100 1 7 1 7 1 7 1 100 1 100 1 100 1 1 1 1 1 1 1 1 1 1 1 1 1 1 12 10 12 9 12 9 12 9 1 7 1 1 12 9 1 7 1 1 12 10 1 1 7 1 1 12 10 12 9 1 1 1 1 1 1 12 9 16 1 12 10 15 3 1 7 1 1 12 10 15 1 1 12 18 1 7 1 1 12 9 1 7 1 12 10 1 100 10 1 1 12 10 1 1 100 1 1 12 10 1 1 1 100 10 1 12 10 1 12 10 1 1 12 10 1 12 10 1 12 10 1 12 10 1 12 10 1 12 10 1 1 12 10 1 8 1 1 100 1 1 12 10 1 100 1 12 10 10 1 1 12 10 1 100 1 7 1 12 9 1 7 1 1 12 9 1 7 1 12 9 1 1 12 9 1 100 1 12 10 1 12 9 1 12 10 1 12 10 1 7 1 12 9 1 12 10 1 7 1 12 10 1 100 1 8 1 12 10 1 1 12 10 1 100 1 12 11 1 1 12 11 12 10 1 12 9 1 100 1 1 12 10 1 100 11 1 100 1 1 12 10 12 10 1 12 10 1 100 1 12 10 1 1 1 100 1 12 10 8 1 12 10 1 12 10 8 3 1 1 12 10 1 1 1 1 1 1 1
staticfield com/android/tools/r8/graph/u4 i Z 1
ciInstanceKlass com/android/tools/r8/graph/H3$g 1 1 134 1 7 1 1 7 1 100 1 1 7 1 1 100 1 1 100 1 1 7 1 1 1 1 1 1 1 1 1 1 1 1 1 12 9 1 1 1 12 10 12 9 1 100 10 1 100 12 9 12 9 12 9 12 9 1 1 7 1 1 12 10 1 12 9 12 9 12 9 12 10 1 1 12 11 1 1 12 11 1 1 12 11 1 1 1 1 12 11 1 100 1 12 11 12 11 1 12 11 12 11 1 1 1 1 100 1 12 10 1 100 1 12 9 1 100 1 100 1 12 10 1 12 10 12 10 1 1 1 1 1 1 1 1
staticfield com/android/tools/r8/graph/H3$g e Lcom/android/tools/r8/graph/H3$g; com/android/tools/r8/graph/H3$g
staticfield com/android/tools/r8/graph/H3$g f Z 1
ciInstanceKlass com/android/tools/r8/graph/t0 1 1 142 1 7 1 1 7 1 100 1 1 1 1 1 1 1 1 1 1 1 1 16 1 12 10 15 16 3 1 100 1 1 12 10 15 1 1 12 18 1 100 1 12 10 1 12 10 15 16 18 1 1 1 12 10 12 9 12 9 1 1 7 1 1 12 10 12 9 12 9 1 1 16 12 10 15 12 18 1 1 1 1 1 1 1 100 12 10 1 100 10 1 1 12 10 10 1 1 1 8 1 100 1 1 12 10 15 1 12 18 1 1 100 10 1 1 1 1 1 1 1 100 1 12 10 8 1 100 10 1 12 10 8 8 8 8 1 1 1 1 1 1 1
staticfield com/android/tools/r8/graph/t0 d [Lcom/android/tools/r8/graph/t0; 0 [Lcom/android/tools/r8/graph/t0;
staticfield com/android/tools/r8/graph/t0 e Z 1
ciInstanceKlass  @bci com/android/tools/r8/graph/K3 d ()Lcom/android/tools/r8/graph/H3$g; 13 <appendix> member <vmtarget> ; 1 1 48 1 7 1 7 1 100 1 100 1 1 1 1 1 12 10 12 9 1 1 1 7 1 7 1 1 12 10 1 1 1 100 1 100 8 8 8 3 8 8 8 1 8 1 12 10 1 1
ciMethod java/lang/Object <init> ()V 1024 0 8353359 0 128
ciMethod java/lang/Object getClass ()Ljava/lang/Class; 256 0 128 0 -1
ciMethod java/lang/Object hashCode ()I 256 0 128 0 -1
ciMethod java/lang/Object equals (Ljava/lang/Object;)Z 1024 0 115963 0 -1
ciMethod java/lang/String <init> ([CII)V 4 0 19064 0 1656
ciMethod java/lang/String rangeCheck ([CII)Ljava/lang/Void; 512 0 19064 0 0
ciMethod java/lang/String length ()I 694 0 3757567 0 112
ciMethod java/lang/String isEmpty ()Z 532 0 769737 0 112
ciMethod java/lang/String charAt (I)C 540 0 6128008 0 192
ciMethod java/lang/String codePointAt (I)I 552 0 12605 0 240
ciMethod java/lang/String equals (Ljava/lang/Object;)Z 568 0 17766 0 400
ciMethod java/lang/String indexOf (I)I 740 0 456370 0 -1
ciMethod java/lang/String substring (I)Ljava/lang/String; 518 0 204002 0 -1
ciMethod java/lang/String substring (II)Ljava/lang/String; 512 0 23658 0 -1
ciMethod java/lang/String replace (CC)Ljava/lang/String; 516 0 11021 0 -1
ciMethod java/lang/String toCharArray ()[C 512 0 16822 0 -1
ciMethod java/lang/String valueOf ([C)Ljava/lang/String; 404 0 556 0 -1
ciMethod java/lang/String <init> ([CIILjava/lang/Void;)V 512 0 19002 0 1472
ciMethod java/lang/String coder ()B 668 0 4274293 0 88
ciMethod java/lang/String isLatin1 ()Z 790 0 6572294 0 88
ciMethod java/lang/String checkIndex (II)V 540 0 6188330 0 0
ciMethod java/lang/String checkBoundsOffCount (III)I 514 0 60358 0 160
ciMethod java/lang/System lineSeparator ()Ljava/lang/String; 148 0 1676 0 -1
ciMethod java/lang/Throwable getMessage ()Ljava/lang/String; 88 0 23 0 -1
ciMethod java/lang/Throwable addSuppressed (Ljava/lang/Throwable;)V 0 0 1 0 -1
ciMethod java/lang/invoke/DirectMethodHandle constructorMethod (Ljava/lang/Object;)Ljava/lang/Object; 514 0 864703 0 128
ciMethod java/lang/invoke/DirectMethodHandle allocateInstance (Ljava/lang/Object;)Ljava/lang/Object; 512 0 863138 0 400
ciMethod jdk/internal/misc/Unsafe allocateInstance (Ljava/lang/Class;)Ljava/lang/Object; 256 0 128 0 -1
ciMethod java/lang/Enum compareTo (Ljava/lang/Enum;)I 512 0 5384 0 168
ciMethod java/lang/Enum getDeclaringClass ()Ljava/lang/Class; 10 0 1316 0 -1
ciMethod java/util/concurrent/ConcurrentHashMap spread (I)I 710 0 139480 0 -1
ciMethod java/util/concurrent/ConcurrentHashMap tabAt ([Ljava/util/concurrent/ConcurrentHashMap$Node;I)Ljava/util/concurrent/ConcurrentHashMap$Node; 732 0 5663 0 -1
ciMethod java/util/concurrent/ConcurrentHashMap casTabAt ([Ljava/util/concurrent/ConcurrentHashMap$Node;ILjava/util/concurrent/ConcurrentHashMap$Node;Ljava/util/concurrent/ConcurrentHashMap$Node;)Z 516 0 1309 0 -1
ciMethod java/util/concurrent/ConcurrentHashMap setTabAt ([Ljava/util/concurrent/ConcurrentHashMap$Node;ILjava/util/concurrent/ConcurrentHashMap$Node;)V 596 0 6109 0 -1
ciMethod java/util/concurrent/ConcurrentHashMap putVal (Ljava/lang/Object;Ljava/lang/Object;Z)Ljava/lang/Object; 540 18 51586 0 -1
ciMethod java/util/concurrent/ConcurrentHashMap putIfAbsent (Ljava/lang/Object;Ljava/lang/Object;)Ljava/lang/Object; 514 0 35592 0 104
ciMethod java/util/concurrent/ConcurrentHashMap computeIfAbsent (Ljava/lang/Object;Ljava/util/function/Function;)Ljava/lang/Object; 512 82 43605 0 -1
ciMethod java/util/concurrent/ConcurrentHashMap initTable ()[Ljava/util/concurrent/ConcurrentHashMap$Node; 14 0 5127 0 -1
ciMethod java/util/concurrent/ConcurrentHashMap addCount (JI)V 542 0 18000 0 -1
ciMethod java/util/concurrent/ConcurrentHashMap helpTransfer ([Ljava/util/concurrent/ConcurrentHashMap$Node;Ljava/util/concurrent/ConcurrentHashMap$Node;)[Ljava/util/concurrent/ConcurrentHashMap$Node; 0 0 64 0 -1
ciMethod java/util/concurrent/ConcurrentHashMap treeifyBin ([Ljava/util/concurrent/ConcurrentHashMap$Node;I)V 0 0 1 0 -1
ciMethod java/util/ArrayList <init> ()V 408 0 375066 0 272
ciMethod java/util/ArrayList grow (I)[Ljava/lang/Object; 140 0 5190 0 1536
ciMethod java/util/ArrayList grow ()[Ljava/lang/Object; 134 0 35202 0 0
ciMethod java/util/ArrayList add (Ljava/lang/Object;[Ljava/lang/Object;I)V 576 0 317795 0 0
ciMethod java/util/ArrayList add (Ljava/lang/Object;)Z 576 0 317794 0 472
ciMethod java/util/AbstractList <init> ()V 512 0 524081 0 88
ciMethod java/util/AbstractCollection <init> ()V 708 0 820573 0 80
ciMethod java/lang/Character isHighSurrogate (C)Z 526 0 42320 0 -1
ciMethod java/lang/Character isLowSurrogate (C)Z 232 0 5610 0 -1
ciMethod java/lang/Character charCount (I)I 558 0 351515 0 104
ciMethod java/lang/Character toCodePoint (CC)I 0 0 1 0 -1
ciMethod java/util/Objects requireNonNull (Ljava/lang/Object;)Ljava/lang/Object; 748 0 1082063 0 -1
ciMethodData java/lang/invoke/Invokers$Holder linkToTargetMethod (Ljava/lang/Object;Ljava/lang/Object;)Ljava/lang/Object; 2 452696 orig 80 0 0 0 0 0 0 0 0 0 0 0 0 248 127 0 0 0 0 0 0 0 0 0 0 0 0 0 0 0 0 0 0 0 0 0 0 0 0 0 0 0 0 0 0 0 0 0 0 0 0 0 0 0 0 0 0 0 0 0 0 0 0 0 0 0 0 0 0 0 0 0 0 0 0 0 0 0 0 0 0 data 34 0x10004 0x0 0x0 0x25446281a78 0x114d 0x254462824e8 0x7e 0x5000b 0x6e83e 0x0 0x0 0x0 0x0 0x0 0x3 0x1 0x2 0x2 0x0 0x0 0x0 0x0 0x0 0x0 0x9 0x2 0x0 0x0 0xc 0x4 0x0 0x2 0x1 0x2 oops 2 3 java/lang/invoke/DirectMethodHandle$Constructor 5 java/lang/invoke/BoundMethodHandle$Species_LL methods 0
ciMethod java/lang/StringLatin1 charAt ([BI)C 400 0 6049614 0 0
ciMethod java/lang/StringLatin1 equals ([B[B)Z 546 552 6473 0 -1
ciMethod java/lang/Math max (II)I 532 0 340069 0 -1
ciMethod jdk/internal/util/Preconditions outOfBoundsCheckFromIndexSize (Ljava/util/function/BiFunction;III)Ljava/lang/RuntimeException; 0 0 1 0 -1
ciMethod jdk/internal/util/Preconditions checkIndex (IILjava/util/function/BiFunction;)I 540 0 5678 0 -1
ciMethod jdk/internal/util/Preconditions checkFromIndexSize (IIILjava/util/function/BiFunction;)I 512 0 214973 0 168
ciMethod java/util/function/Function apply (Ljava/lang/Object;)Ljava/lang/Object; 0 0 1 0 -1
ciMethod java/util/Arrays copyOf ([Ljava/lang/Object;I)[Ljava/lang/Object; 36 0 42972 0 664
ciMethod java/util/Arrays copyOf ([Ljava/lang/Object;ILjava/lang/Class;)[Ljava/lang/Object; 150 0 5405 0 -1
ciMethod jdk/internal/util/ArraysSupport newLength (III)I 514 0 7935 0 0
ciMethod jdk/internal/util/ArraysSupport hugeLength (II)I 0 0 1 0 -1
ciMethod java/lang/StringUTF16 getChar ([BI)C 1024 0 11625 0 -1
ciMethod java/lang/StringUTF16 length ([B)I 142 0 127876 0 96
ciMethod java/lang/StringUTF16 codePointAt ([BIIZ)I 0 0 17398 0 160
ciMethod java/lang/StringUTF16 codePointAt ([BII)I 0 0 741 0 0
ciMethod java/lang/StringUTF16 toBytes ([CII)[B 0 0 281 0 -1
ciMethod java/lang/StringUTF16 compress ([CII)[B 512 0 17179 0 0
ciMethod java/lang/StringUTF16 compress ([CI[BII)I 214 26788 12908 0 -1
ciMethod java/lang/StringUTF16 charAt ([BI)C 140 0 101964 0 136
ciMethod java/lang/StringUTF16 checkIndex (I[B)V 140 0 120586 0 120
ciMethod java/util/concurrent/ConcurrentHashMap$Node <init> (ILjava/lang/Object;Ljava/lang/Object;)V 540 0 58011 0 -1
ciMethod java/util/concurrent/ConcurrentHashMap$ReservationNode <init> ()V 144 0 5104 0 -1
ciMethodData java/lang/Object <init> ()V 2 8352986 orig 80 1 0 0 0 0 0 0 0 0 0 0 0 0 0 0 0 0 0 0 0 0 0 0 0 0 0 0 0 0 0 0 0 0 0 0 0 0 0 0 0 0 0 0 0 0 0 0 0 0 0 0 0 0 0 0 0 0 0 0 0 0 0 0 0 0 0 0 0 0 0 0 0 0 0 0 0 0 0 0 0 data 4 0x0 0x9 0x1 0x0 oops 0 methods 0
ciMethod java/lang/IllegalArgumentException <init> (Ljava/lang/String;)V 0 0 10 0 -1
ciMethodData java/lang/String isLatin1 ()Z 2 6571899 orig 80 0 0 0 0 0 0 0 0 0 0 0 0 248 127 0 0 0 0 0 0 0 0 0 0 0 0 0 0 0 0 0 0 0 0 0 0 0 0 0 1 0 0 0 0 0 0 0 0 0 0 0 0 0 0 0 0 0 0 0 0 0 0 0 0 0 0 0 0 0 0 0 0 0 0 0 0 0 0 0 0 data 18 0x30007 0x0 0x58 0x644770 0x80000006000a0007 0x14425 0x38 0x630468 0xe0003 0x63044c 0x18 0x0 0x0 0x0 0x0 0x9 0x1 0x0 oops 0 methods 0
ciMethodData java/lang/String charAt (I)C 2 6127742 orig 80 0 0 0 0 0 0 0 0 0 0 0 0 248 127 0 0 0 0 0 0 0 0 0 0 0 0 0 0 0 0 0 0 0 0 0 0 0 0 0 0 0 0 0 0 0 0 0 0 0 0 0 0 0 0 0 0 0 0 0 0 0 0 0 0 0 0 0 0 0 0 0 0 0 0 0 0 0 0 0 0 data 25 0x10005 0x5d80f8 0x0 0x0 0x0 0x0 0x0 0x40007 0x132a4 0x30 0x5c4df0 0xc0002 0x5c4e9e 0x150002 0x132a5 0x0 0x0 0x0 0x0 0x0 0x0 0x9 0x2 0x0 0x0 oops 0 methods 0
ciMethodData java/lang/StringLatin1 charAt ([BI)C 2 6049414 orig 80 0 0 0 0 0 0 0 0 0 0 0 0 0 0 0 0 0 0 0 0 0 0 0 0 0 0 0 0 0 0 0 0 0 0 0 0 0 0 0 0 0 0 0 0 0 0 0 0 0 0 0 0 0 0 0 0 0 0 0 0 0 0 0 0 0 0 0 0 0 0 0 0 0 0 0 0 0 0 0 0 data 12 0x30002 0x5c4e86 0x0 0x0 0x0 0x0 0x0 0x0 0x9 0x2 0x0 0x0 oops 0 methods 0
ciMethodData java/lang/String checkIndex (II)V 2 6188060 orig 80 0 0 0 0 0 0 0 0 0 0 0 0 0 0 0 0 0 0 0 0 0 0 0 0 0 0 0 0 0 0 0 0 0 0 0 0 0 0 0 0 0 0 0 0 0 0 0 0 0 0 0 0 0 0 0 0 0 0 0 0 0 0 0 0 0 0 0 0 0 0 0 0 0 0 0 0 0 0 0 0 data 12 0x50002 0x5e6c6c 0x0 0x0 0x0 0x0 0x0 0x0 0x9 0x2 0x0 0x0 oops 0 methods 0
ciMethodData java/lang/StringUTF16 charAt ([BI)C 2 101894 orig 80 0 0 0 0 0 0 0 0 0 0 0 0 0 0 0 0 0 0 0 0 0 0 0 0 0 0 0 0 0 0 0 0 0 0 0 0 0 0 0 0 0 0 0 0 0 0 0 0 0 0 0 0 0 0 0 0 0 0 0 0 0 0 0 0 0 0 0 0 0 0 0 0 0 0 0 0 0 0 0 0 data 14 0x20002 0x18e06 0x70002 0x541 0x0 0x0 0x0 0x0 0x0 0x0 0x9 0x2 0x0 0x0 oops 0 methods 0
ciMethodData java/lang/StringUTF16 checkIndex (I[B)V 2 120516 orig 80 0 0 0 0 0 0 0 0 0 0 0 0 0 0 0 0 0 0 0 0 0 0 0 0 0 0 0 0 0 0 0 0 0 0 0 0 0 0 0 0 0 0 0 0 0 0 0 0 0 0 0 0 0 0 0 0 0 0 0 0 0 0 0 0 0 0 0 0 0 0 0 0 0 0 0 0 0 0 0 0 data 14 0x20002 0x1d6c4 0x50002 0x1d6c3 0x0 0x0 0x0 0x0 0x0 0x0 0x9 0x2 0x0 0x0 oops 0 methods 0
ciMethodData java/lang/StringUTF16 length ([B)I 2 127805 orig 80 0 0 0 0 0 0 0 0 0 0 0 0 0 0 0 0 0 0 0 0 0 0 0 0 0 0 0 0 0 0 0 0 0 0 0 0 0 0 0 0 0 0 0 0 0 0 0 0 0 0 0 0 0 0 0 0 0 0 0 0 0 0 0 0 0 0 0 0 0 0 0 0 0 0 0 0 0 0 0 0 data 6 0x0 0x0 0x0 0x9 0x1 0x0 oops 0 methods 0
ciMethodData java/lang/String equals (Ljava/lang/Object;)Z 2 17482 orig 80 1 0 0 0 0 0 0 0 0 0 0 0 248 127 0 0 0 0 0 0 0 0 0 0 0 0 0 0 0 0 0 0 0 0 0 0 0 0 0 1 0 0 0 0 0 0 0 0 0 0 0 0 0 0 0 0 0 0 0 0 0 0 0 0 0 0 0 0 0 0 0 0 0 0 0 0 0 0 0 0 data 49 0x20007 0x3d4f 0x20 0x6fc 0x80104 0x0 0x0 0x2542b384fd8 0x3d16 0x0 0x0 0xb0007 0x39 0xe0 0x3d16 0xf0004 0x0 0x0 0x2542b384fd8 0x3d17 0x0 0x0 0x160007 0x0 0x40 0x3d17 0x8000000600210007 0x1 0x68 0x3d17 0x2c0002 0x3d17 0x2f0007 0x3396 0x38 0x982 0x330003 0x982 0x18 0x0 0x0 0x0 0x0 0x0 0x0 0x9 0x2 0x0 0x0 oops 2 7 java/lang/String 18 java/lang/String methods 0
ciMethodData java/util/Objects requireNonNull (Ljava/lang/Object;)Ljava/lang/Object; 2 1081700 orig 80 0 0 0 0 0 0 0 0 0 0 0 0 248 127 0 0 0 0 0 0 0 0 0 0 0 0 0 0 0 0 0 0 0 0 0 0 0 0 0 0 0 0 0 0 0 0 0 0 0 0 0 0 0 0 0 0 0 0 0 0 0 0 0 0 0 0 0 0 0 0 0 0 0 0 0 0 0 0 0 0 data 15 0x10007 0x1081b9 0x30 0x0 0x80002 0x0 0x0 0x0 0x0 0x0 0x0 0x0 0x9 0x1 0x0 oops 0 methods 0
ciMethodData java/util/AbstractCollection <init> ()V 2 820219 orig 80 0 0 0 0 0 0 0 0 0 0 0 0 248 127 0 0 0 0 0 0 0 0 0 0 0 0 0 0 0 0 0 0 0 0 0 0 0 0 0 0 0 0 0 0 0 0 0 0 0 0 0 0 0 0 0 0 0 0 0 0 0 0 0 0 0 0 0 0 0 0 0 0 0 0 0 0 0 0 0 0 data 7 0x10002 0xc8411 0x0 0x0 0x9 0x1 0x0 oops 0 methods 0
ciMethodData java/lang/String coder ()B 2 4273995 orig 80 0 0 0 0 0 0 0 0 0 0 0 0 248 127 0 0 0 0 0 0 0 0 0 0 0 0 0 0 0 0 0 0 0 0 0 0 0 0 0 0 0 0 0 0 0 0 0 0 0 0 0 0 0 0 0 0 0 0 0 0 0 0 0 0 0 0 0 0 0 0 0 0 0 0 0 0 0 0 0 0 data 14 0x30007 0x0 0x38 0x4136fe 0xa0003 0x41373a 0x18 0x0 0x0 0x0 0x0 0x9 0x1 0x0 oops 0 methods 0
ciMethodData java/lang/String length ()I 2 3757272 orig 80 0 0 0 0 0 0 0 0 0 0 0 0 248 127 0 0 0 0 0 0 0 0 0 0 0 0 0 0 0 0 0 0 0 0 0 0 0 0 0 0 0 0 0 0 0 0 0 0 0 0 0 0 0 0 0 0 0 0 0 0 0 0 0 0 0 0 0 0 0 0 0 0 0 0 0 0 0 0 0 0 data 16 0x60005 0x398b4d 0x0 0x0 0x0 0x0 0x0 0x0 0x0 0x0 0x0 0x0 0x0 0x9 0x1 0x0 oops 0 methods 0
ciMethodData java/util/concurrent/ConcurrentHashMap putVal (Ljava/lang/Object;Ljava/lang/Object;Z)Ljava/lang/Object; 2 51316 orig 80 8 0 0 0 0 0 0 0 0 0 0 0 248 127 0 0 0 0 0 0 4 0 0 4 0 0 0 0 0 0 0 0 0 0 0 0 0 0 0 5 0 0 0 0 0 0 0 0 0 0 0 0 0 0 0 0 0 0 0 0 0 0 0 0 0 0 0 0 0 0 0 0 0 0 0 0 0 0 0 0 data 250 0x10007 0x0 0x40 0xc878 0x50007 0xc87d 0x30 0x0 0xc0002 0x0 0x110005 0x43ad 0x0 0x2544b204eb0 0x889 0x2542b384fd8 0x7c46 0x140002 0xc884 0x240007 0x298 0x40 0xc893 0x2d0007 0xc898 0x70 0x0 0x310005 0x298 0x0 0x0 0x0 0x0 0x0 0x360003 0x298 0x5f8 0x450002 0xc892 0x4b0007 0x53ce 0x78 0x74cb 0x5b0002 0x74cc 0x5e0002 0x74da 0x8000000600610007 0x13 0x590 0x74ca 0x640003 0x74cb 0x588 0x700007 0x53c9 0x70 0x1 0x780005 0x1 0x0 0x0 0x0 0x0 0x0 0x7d0003 0x1 0x500 0x810007 0x2456 0xf8 0x2f71 0x880007 0x2221 0xd8 0xd54 0x940007 0x1c 0x98 0xd38 0x990007 0x0 0x98 0xd38 0xffffffff009f0005 0x18 0x0 0x2542b384fd8 0xd21 0x2544b204eb0 0x6 0x8000000600a20007 0x3 0x40 0xd3f 0xad0007 0x0 0x20 0xd5c 0xc00002 0x467f 0xc50007 0x0 0x330 0x4680 0xca0007 0x0 0x188 0x4680 0xdb0007 0x5614 0xf0 0x9c8 0xe70007 0x68 0x98 0x960 0xec0007 0x0 0xb0 0x960 0x8000000400f20005 0x267 0x0 0x2542b384fd8 0x6fb 0x2542b387748 0x1 0x8000000600f50007 0x4 0x58 0x960 0x8000000601000007 0x6fd 0x98 0x2cc 0x1090003 0x2cc 0x78 0x1180007 0x195e 0x48 0x3cba 0x1250002 0x3cbb 0x12b0003 0x3cbb 0x30 0x1310003 0x195e 0xfffffffffffffec8 0x1340003 0x4684 0x1a0 0x1390004 0x0 0x0 0x0 0x0 0x0 0x0 0x13c0007 0x0 0xe8 0x0 0x1440004 0x0 0x0 0x0 0x0 0x0 0x0 0x14b0005 0x0 0x0 0x0 0x0 0x0 0x0 0x1510007 0x0 0x40 0x0 0x15c0007 0x0 0x20 0x0 0x1650003 0x0 0x80 0x16a0004 0x0 0x0 0x0 0x0 0x0 0x0 0x16d0007 0x0 0x30 0x0 0x1760002 0x0 0x17d0003 0x4684 0x18 0x18a0007 0x0 0x98 0x4685 0x1910007 0x4683 0x58 0x1 0x1990005 0x1 0x0 0x0 0x0 0x0 0x0 0x19e0007 0x3cba 0x38 0x9c9 0x1a40003 0x2aa 0xfffffffffffff990 0x1ab0005 0xb17e 0x0 0x0 0x0 0x0 0x0 0x0 0x0 0x0 0x0 0x0 0x0 0x0 0x0 0x0 0x9 0x4 0x0 0x0 0x0 0x0 oops 6 13 jdk/internal/util/WeakReferenceKey 15 java/lang/String 87 java/lang/String 89 jdk/internal/util/WeakReferenceKey 124 java/lang/String 126 java/lang/invoke/MemberName methods 0
ciMethod java/lang/invoke/DirectMethodHandle$Holder newInvokeSpecial (Ljava/lang/Object;Ljava/lang/Object;)Ljava/lang/Object; 514 0 437427 0 -1
ciMethod java/lang/invoke/Invokers$Holder linkToTargetMethod (Ljava/lang/Object;Ljava/lang/Object;)Ljava/lang/Object; 512 0 452931 0 -1
ciMethod java/lang/invoke/Invokers$Holder linkToTargetMethod (Ljava/lang/Object;)Ljava/lang/Object; 390 0 267098 0 -1
ciMethodData java/util/concurrent/ConcurrentHashMap putIfAbsent (Ljava/lang/Object;Ljava/lang/Object;)Ljava/lang/Object; 2 35335 orig 80 0 0 0 0 0 0 0 0 0 0 0 0 248 127 0 0 0 0 0 0 0 0 0 0 0 0 0 0 0 0 0 0 0 0 0 0 0 0 0 0 0 0 0 0 0 0 0 0 0 0 0 0 0 0 0 0 0 0 0 0 0 0 0 0 0 0 0 0 0 0 0 0 0 0 0 0 0 0 0 0 data 18 0x40005 0x8a07 0x0 0x0 0x0 0x0 0x0 0x0 0x0 0x0 0x0 0x0 0x0 0x9 0x3 0xffffffffffffffff 0xffffffffffffffff 0xffffffffffffffff oops 0 methods 0
ciMethodData java/lang/String isEmpty ()Z 2 769471 orig 80 0 0 0 0 0 0 0 0 0 0 0 0 248 127 0 0 0 0 0 0 0 0 0 0 0 0 0 0 0 0 0 0 0 0 0 0 0 0 0 0 0 0 0 0 0 0 0 0 0 0 0 0 0 0 0 0 0 0 0 0 0 0 0 0 0 0 0 0 0 0 0 0 0 0 0 0 0 0 0 0 data 14 0x50007 0x9407e 0x38 0x2856b 0x90003 0x28566 0x18 0x0 0x0 0x0 0x0 0x9 0x1 0x0 oops 0 methods 0
ciMethodData java/util/Arrays copyOf ([Ljava/lang/Object;I)[Ljava/lang/Object; 2 42954 orig 80 0 0 0 0 0 0 0 0 0 0 0 0 0 0 0 0 0 0 0 0 0 0 0 0 0 0 0 0 0 0 0 0 0 0 0 0 0 0 0 0 0 0 0 0 0 0 0 0 0 0 0 0 0 0 0 0 0 0 0 0 0 0 0 0 0 0 0 0 0 0 0 0 0 0 0 0 0 0 0 0 data 19 0x30005 0xa7ca 0x0 0x0 0x0 0x0 0x0 0x60002 0xa7c9 0x0 0x0 0x0 0x0 0x0 0x0 0x9 0x2 0xffffffffffffffff 0x0 oops 0 methods 0
ciMethodData java/lang/String indexOf (I)I 2 456000 orig 80 1 0 0 0 0 0 0 0 0 0 0 0 248 127 0 0 0 0 0 0 0 0 0 0 0 0 0 0 0 0 0 0 0 0 0 0 0 0 0 0 0 0 0 0 0 0 0 0 0 0 0 0 0 0 0 0 0 0 0 0 0 0 0 0 0 0 0 0 0 0 0 0 0 0 0 0 0 0 0 0 data 17 0x30005 0x6f541 0x0 0x0 0x0 0x0 0x0 0x0 0x0 0x0 0x0 0x0 0x0 0x9 0x2 0x0 0x0 oops 0 methods 0
ciMethod java/util/IdentityHashMap containsKey (Ljava/lang/Object;)Z 512 4 399 0 -1
ciMethodData jdk/internal/util/ArraysSupport newLength (III)I 2 7678 orig 80 0 0 0 0 0 0 0 0 0 0 0 0 248 127 0 0 0 0 0 0 0 0 0 0 0 0 0 0 0 0 0 0 0 0 0 0 0 0 0 0 0 0 0 0 0 0 0 0 0 0 0 0 0 0 0 0 0 0 0 0 0 0 0 0 0 0 0 0 0 0 0 0 0 0 0 0 0 0 0 0 data 23 0x30002 0x1dfe 0xa0007 0x0 0x40 0x1dfe 0x100007 0x0 0x20 0x1dfe 0x170002 0x0 0x0 0x0 0x0 0x0 0x0 0x0 0x9 0x3 0x0 0x0 0x0 oops 0 methods 0
ciMethod java/lang/AssertionError <init> ()V 0 0 1 0 -1
ciMethodData jdk/internal/util/Preconditions checkFromIndexSize (IIILjava/util/function/BiFunction;)I 2 214717 orig 80 0 0 0 0 0 0 0 0 0 0 0 0 248 127 0 0 0 0 0 0 0 0 0 0 0 0 0 0 0 0 0 0 0 0 0 0 0 0 0 0 0 0 0 0 0 0 0 0 0 0 0 0 0 0 0 0 0 0 0 0 0 0 0 0 0 0 0 0 0 0 0 0 0 0 0 0 0 0 0 0 data 22 0x50007 0x0 0x40 0x346bd 0xc0007 0x346bd 0x30 0x0 0x130002 0x0 0x0 0x0 0x0 0x0 0x0 0x0 0x9 0x4 0x0 0x0 0x0 0x0 oops 0 methods 0
ciMethodData java/lang/String checkBoundsOffCount (III)I 2 60101 orig 80 0 0 0 0 0 0 0 0 0 0 0 0 248 127 0 0 0 0 0 0 0 0 0 0 0 0 0 0 0 0 0 0 0 0 0 0 0 0 0 0 0 0 0 0 0 0 0 0 0 0 0 0 0 0 0 0 0 0 0 0 0 0 0 0 0 0 0 0 0 0 0 0 0 0 0 0 0 0 0 0 data 13 0x60002 0xeac5 0x0 0x0 0x0 0x0 0x0 0x0 0x9 0x3 0x0 0x0 0x0 oops 0 methods 0
ciMethodData java/lang/String <init> ([CIILjava/lang/Void;)V 2 18746 orig 80 1 0 0 0 0 0 0 0 0 0 0 0 248 127 0 0 0 0 0 0 0 0 0 0 0 0 0 0 0 0 0 0 0 0 0 0 0 0 0 0 0 0 0 0 0 0 0 0 0 0 0 0 0 0 0 0 0 0 0 0 0 0 0 0 0 0 0 0 0 0 0 0 0 0 0 0 0 0 0 0 data 31 0x10002 0x493a 0x50007 0x41ab 0x20 0x78f 0x1e0007 0x0 0x50 0x41ab 0x240002 0x41ab 0x2b0007 0x119 0x20 0x4095 0x430002 0x119 0x0 0x0 0x0 0x0 0x0 0x0 0x9 0x5 0xc 0x0 0x0 0x0 0x0 oops 0 methods 0
ciMethodData java/lang/StringUTF16 compress ([CII)[B 2 16923 orig 80 0 0 0 0 0 0 0 0 0 0 0 0 248 127 0 0 0 0 0 0 0 0 0 0 0 0 0 0 0 0 0 0 0 0 0 0 0 0 0 3 0 0 0 0 0 0 0 0 0 0 0 0 0 0 0 0 0 0 0 0 0 0 0 0 0 0 0 0 0 0 0 0 0 0 0 0 0 0 0 0 data 17 0x90002 0x421b 0x80000006000d0007 0x119 0x20 0x4105 0x0 0x0 0x0 0x0 0x0 0x0 0x9 0x3 0x0 0x0 0x0 oops 0 methods 0
ciMethodData java/lang/String <init> ([CII)V 2 19062 orig 80 1 0 0 0 0 0 0 0 0 0 0 0 0 0 0 0 0 0 0 0 0 0 0 0 0 0 0 0 0 0 0 0 0 0 0 0 0 0 0 0 0 0 0 0 0 0 0 0 0 0 0 0 0 0 0 0 0 0 0 0 0 0 0 0 0 0 0 0 0 0 0 0 0 0 0 0 0 0 0 0 data 16 0x70002 0x4a76 0xa0002 0x4a76 0x0 0x0 0x0 0x0 0x0 0x0 0x9 0x4 0x0 0x0 0x0 0x0 oops 0 methods 0
ciMethodData java/util/ArrayList add (Ljava/lang/Object;)Z 2 317506 orig 80 0 0 0 0 0 0 0 0 0 0 0 0 248 127 0 0 0 0 0 0 0 0 0 0 0 0 0 0 0 0 0 0 0 0 0 0 0 0 0 0 0 0 0 0 0 0 0 0 0 0 0 0 0 0 0 0 0 0 0 0 0 0 0 0 0 0 0 0 0 0 0 0 0 0 0 0 0 0 0 0 data 17 0x140005 0x4d843 0x0 0x0 0x0 0x0 0x0 0x0 0x0 0x0 0x0 0x0 0x0 0x9 0x2 0xe 0x0 oops 0 methods 0
ciMethodData java/util/ArrayList add (Ljava/lang/Object;[Ljava/lang/Object;I)V 2 317507 orig 80 0 0 0 0 0 0 0 0 0 0 0 0 248 127 0 0 0 0 0 0 0 0 0 0 0 0 0 0 0 0 0 0 0 0 0 0 0 0 0 0 0 0 0 0 0 0 0 0 0 0 0 0 0 0 0 0 0 0 0 0 0 0 0 0 0 0 0 0 0 0 0 0 0 0 0 0 0 0 0 0 data 30 0x30007 0x4537a 0x58 0x84cc 0x70005 0x84cc 0x0 0x0 0x0 0x0 0x0 0xe0104 0x0 0x0 0x2542b384fd8 0x13e46 0x2542b385068 0x26db 0x0 0x0 0x0 0x0 0x0 0x0 0x9 0x4 0xc 0x0 0xffffffffffffffff 0x0 oops 2 14 java/lang/String 16 java/lang/Class methods 0
ciMethodData java/util/ArrayList grow ()[Ljava/lang/Object; 2 35135 orig 80 0 0 0 0 0 0 0 0 0 0 0 0 0 0 0 0 0 0 0 0 0 0 0 0 0 0 0 0 0 0 0 0 0 0 0 0 0 0 0 0 0 0 0 0 0 0 0 0 0 0 0 0 0 0 0 0 0 0 0 0 0 0 0 0 0 0 0 0 0 0 0 0 0 0 0 0 0 0 0 0 data 16 0x70005 0x893f 0x0 0x0 0x0 0x0 0x0 0x0 0x0 0x0 0x0 0x0 0x0 0x9 0x1 0xc oops 0 methods 0
ciMethodData java/util/ArrayList grow (I)[Ljava/lang/Object; 2 5120 orig 80 0 0 0 0 0 0 0 0 0 0 0 0 0 0 0 0 0 0 0 0 0 0 0 0 0 0 0 0 0 0 0 0 0 0 0 0 0 0 0 0 0 0 0 0 0 0 0 0 0 0 0 0 0 0 0 0 0 0 0 0 0 0 0 0 0 0 0 0 0 0 0 0 0 0 0 0 0 0 0 0 data 24 0x70007 0x5cc 0x40 0xe34 0x110007 0xe33 0x40 0x1 0x1b0002 0x5cd 0x250002 0x5cd 0x310002 0xe33 0x0 0x0 0x0 0x0 0x0 0x0 0x9 0x2 0xc 0x0 oops 0 methods 0
ciMethodData java/lang/Character charCount (I)I 2 351397 orig 80 0 0 0 0 0 0 0 0 0 0 0 0 248 127 0 0 0 0 0 0 0 0 0 0 0 0 0 0 0 0 0 0 0 0 0 0 0 0 0 0 0 0 0 0 0 0 0 0 0 0 0 0 0 0 0 0 0 0 0 0 0 0 0 0 0 0 0 0 0 0 0 0 0 0 0 0 0 0 0 0 data 12 0x30007 0x55ca2 0x38 0x0 0x70003 0x0 0x18 0x0 0x0 0x9 0x1 0x0 oops 0 methods 0
ciMethodData java/lang/String codePointAt (I)I 2 12329 orig 80 1 0 0 0 1 0 0 0 0 0 0 0 248 127 0 0 0 0 0 0 0 0 0 0 0 0 0 0 0 0 0 0 0 0 0 0 0 0 0 3 0 0 0 0 0 0 0 0 0 0 0 0 0 0 0 0 0 0 0 0 0 0 0 0 0 0 0 0 0 0 0 0 0 0 0 0 0 0 0 0 data 27 0x10005 0x3247 0x0 0x0 0x0 0x0 0x0 0x8000000600040007 0x2e5 0x30 0x2f4e 0xd0002 0x2f6e 0x250002 0x2e5 0x2e0002 0x2e5 0x0 0x0 0x0 0x0 0x0 0x0 0x9 0x2 0x0 0x0 oops 0 methods 0
ciMethodData java/lang/StringUTF16 codePointAt ([BII)I 1 741 orig 80 0 0 0 0 0 0 0 0 0 0 0 0 0 0 0 0 0 0 0 0 0 0 0 0 0 0 0 0 0 0 0 0 0 0 0 0 0 0 0 0 0 0 0 0 0 0 0 0 0 0 0 0 0 0 0 0 0 0 0 0 0 0 0 0 0 0 0 0 0 0 0 0 0 0 0 0 0 0 0 0 data 13 0x40002 0x2e5 0x0 0x0 0x0 0x0 0x0 0x0 0x9 0x3 0x0 0x0 0x0 oops 0 methods 0
ciMethodData java/lang/StringUTF16 codePointAt ([BIIZ)I 2 17398 orig 80 1 0 0 0 0 0 0 0 0 0 0 0 0 0 0 0 0 0 0 0 0 0 0 0 0 0 0 0 0 0 0 0 0 0 0 0 0 0 0 0 0 0 0 0 0 0 0 0 0 0 0 0 0 0 0 0 0 0 0 0 0 0 0 0 0 0 0 0 0 0 0 0 0 0 0 0 0 0 0 0 data 56 0x30007 0x43f7 0x50 0x0 0x80007 0x0 0x30 0x0 0xf0002 0x0 0x140007 0x43f7 0x30 0x0 0x190002 0x0 0x1e0002 0x45d 0x250002 0x43f8 0x280007 0x43f5 0xc0 0x0 0x300007 0x0 0xa0 0x0 0x340007 0x0 0x30 0x0 0x390002 0x0 0x3e0002 0x0 0x450002 0x0 0x480007 0x0 0x30 0x0 0x4f0002 0x0 0x0 0x0 0x0 0x0 0x0 0x0 0x9 0x4 0x0 0x0 0x0 0x0 oops 0 methods 0
ciMethodData java/lang/String substring (I)Ljava/lang/String; 2 203743 orig 80 1 0 0 0 0 0 0 0 0 0 0 0 248 127 0 0 0 0 0 0 0 0 0 0 0 0 0 0 0 0 0 0 0 0 0 0 0 0 0 0 0 0 0 0 0 0 0 0 0 0 0 0 0 0 0 0 0 0 0 0 0 0 0 0 0 0 0 0 0 0 0 0 0 0 0 0 0 0 0 0 data 24 0x30005 0x31be1 0x0 0x0 0x0 0x0 0x0 0x60005 0x31be0 0x0 0x0 0x0 0x0 0x0 0x0 0x0 0x0 0x0 0x0 0x0 0x9 0x2 0x0 0x0 oops 0 methods 0
ciMethodData java/util/AbstractList <init> ()V 2 523825 orig 80 0 0 0 0 0 0 0 0 0 0 0 0 248 127 0 0 0 0 0 0 0 0 0 0 0 0 0 0 0 0 0 0 0 0 0 0 0 0 0 0 0 0 0 0 0 0 0 0 0 0 0 0 0 0 0 0 0 0 0 0 0 0 0 0 0 0 0 0 0 0 0 0 0 0 0 0 0 0 0 0 data 9 0x10002 0x7fe44 0x0 0x0 0x0 0x0 0x9 0x1 0x6 oops 0 methods 0
ciMethodData java/util/ArrayList <init> ()V 2 375139 orig 80 0 0 0 0 0 0 0 0 0 0 0 0 0 0 0 0 0 0 0 0 0 0 0 0 0 0 0 0 0 0 0 0 0 0 0 0 0 0 0 0 0 0 0 0 0 0 0 0 0 0 0 0 0 0 0 0 0 0 0 0 0 0 0 0 0 0 0 0 0 0 0 0 0 0 0 0 0 0 0 0 data 9 0x10002 0x5b997 0x0 0x0 0x0 0x0 0x9 0x1 0xe oops 0 methods 0
ciMethodData java/lang/String rangeCheck ([CII)Ljava/lang/Void; 2 18808 orig 80 0 0 0 0 0 0 0 0 0 0 0 0 248 127 0 0 0 0 0 0 0 0 0 0 0 0 0 0 0 0 0 0 0 0 0 0 0 0 0 0 0 0 0 0 0 0 0 0 0 0 0 0 0 0 0 0 0 0 0 0 0 0 0 0 0 0 0 0 0 0 0 0 0 0 0 0 0 0 0 0 data 13 0x40002 0x4978 0x0 0x0 0x0 0x0 0x0 0x0 0x9 0x3 0x0 java/lang/StringUTF16 length ([B)I 6 5 0 java/lang/String checkIndex (II)V 3 74 0 java/lang/String charAt (I)C 4 1 0 java/lang/String isLatin1 ()Z 4 12 0 java/lang/StringLatin1 charAt ([BI)C 5 3 0 java/lang/String checkIndex (II)V 4 21 0 java/lang/StringUTF16 charAt ([BI)C 5 2 0 java/lang/StringUTF16 checkIndex (I[B)V 6 2 0 java/lang/StringUTF16 length ([B)I 6 5 0 java/lang/String checkIndex (II)V 3 130 0 java/lang/String charAt (I)C 4 1 0 java/lang/String isLatin1 ()Z 4 12 0 java/lang/StringLatin1 charAt ([BI)C 5 3 0 java/lang/String checkIndex (II)V 4 21 0 java/lang/StringUTF16 charAt ([BI)C 5 2 0 java/lang/StringUTF16 checkIndex (I[B)V 6 2 0 java/lang/StringUTF16 length ([B)I 6 5 0 java/lang/String checkIndex (II)V 2 159 0 com/android/tools/r8/graph/S2$l <init> (Lcom/android/tools/r8/graph/N2;)V 3 2 0 com/android/tools/r8/graph/S2$m <init> (Lcom/android/tools/r8/graph/d4;)V 4 2 0 com/android/tools/r8/graph/S2 <init> ()V 5 1 0 com/android/tools/r8/graph/n1 <init> ()V 6 1 0 java/lang/Object <init> ()V 2 199 0 com/android/tools/r8/graph/S2$b <init> ([Lcom/android/tools/r8/graph/S2;)V 3 2 0 com/android/tools/r8/graph/S2 <init> ()V 4 1 0 com/android/tools/r8/graph/n1 <init> ()V 5 1 0 java/lang/Object <init> ()V 2 219 0 java/util/ArrayList <init> ()V 3 1 0 java/util/AbstractList <init> ()V 4 1 0 java/util/AbstractCollection <init> ()V 5 1 0 java/lang/Object <init> ()V 2 231 0 java/util/ArrayList add (Ljava/lang/Object;)Z 3 20 0 java/util/ArrayList add (Ljava/lang/Object;[Ljava/lang/Object;I)V 4 7 0 java/util/ArrayList grow ()[Ljava/lang/Object; 5 7 0 java/util/ArrayList grow (I)[Ljava/lang/Object; 6 27 0 jdk/internal/util/ArraysSupport newLength (III)I 6 37 0 java/util/Arrays copyOf ([Ljava/lang/Object;I)[Ljava/lang/Object; 2 275 0 com/android/tools/r8/graph/H3 c (Ljava/lang/String;Ljava/lang/String;Lcom/android/tools/r8/origin/Origin;Lcom/android/tools/r8/graph/u1;Lcom/android/tools/r8/DiagnosticsHandler;)Lcom/android/tools/r8/graph/H3$g; 3 5 0 java/lang/String isEmpty ()Z 3 21 0 com/android/tools/r8/graph/K3 <init> (Lcom/android/tools/r8/graph/u1;)V 4 2 0 java/lang/Object <init> ()V
